This is pdfTeX, Version 3.141592653-2.6-1.40.24 (TeX Live 2022) (preloaded format=pdflatex 2022.12.18)  8 APR 2023 11:00
entering extended mode
 restricted \write18 enabled.
 file:line:error style messages enabled.
 %&-line parsing enabled.
**/Users/airlanggafidiyanto/Documents/Kuliah/Skripsi/skripsi-document/thesis_template
(/Users/airlanggafidiyanto/Documents/Kuliah/Skripsi/skripsi-document/thesis_template.tex
LaTeX2e <2021-11-15> patch level 1
L3 programming layer <2022-02-24> (./thesisdtetiugm.cls
Document Class: thesisdtetiugm 2018/02/08
(/usr/local/texlive/2022/texmf-dist/tex/generic/babel/babel.sty
Package: babel 2022/02/26 3.73 The Babel package
\babel@savecnt=\count185
\U@D=\dimen138
\l@unhyphenated=\language87
 (/usr/local/texlive/2022/texmf-dist/tex/generic/babel/txtbabel.def)
\bbl@readstream=\read2
\bbl@dirlevel=\count186
 (/usr/local/texlive/2022/texmf-dist/tex/generic/babel-indonesian/bahasa.ldf
Language: bahasa 2017/02/15 v1.0m Bahasa Indonesia support from the babel system
 (/usr/local/texlive/2022/texmf-dist/tex/generic/babel-indonesian/indonesian.ldf
Language: indonesian 2017/02/15 v1.0m Bahasa Indonesia support from the babel system
)) (/usr/local/texlive/2022/texmf-dist/tex/generic/babel-english/english.ldf
Language: english 2017/06/06 v3.3r English support from the babel system
Package babel Info: Hyphen rules for 'canadian' set to \l@english
(babel)             (\language0). Reported on input line 102.
Package babel Info: Hyphen rules for 'australian' set to \l@ukenglish
(babel)             (\language21). Reported on input line 105.
Package babel Info: Hyphen rules for 'newzealand' set to \l@ukenglish
(babel)             (\language21). Reported on input line 108.
)

Package babel Warning: Last declared language option is 'bahasa',
(babel)                but the last processed one was 'english'.
(babel)                The main language can't be set as both a global
(babel)                and a package option. Use 'main=bahasa' as
(babel)                option. Reported on input line 4276.

) (/usr/local/texlive/2022/texmf-dist/tex/latex/etoolbox/etoolbox.sty
Package: etoolbox 2020/10/05 v2.5k e-TeX tools for LaTeX (JAW)
\etb@tempcnta=\count187
) (/usr/local/texlive/2022/texmf-dist/tex/latex/tools/indentfirst.sty
Package: indentfirst 1995/11/23 v1.03 Indent first paragraph (DPC)
) (/usr/local/texlive/2022/texmf-dist/tex/latex/setspace/setspace.sty
Package: setspace 2011/12/19 v6.7a set line spacing
) (/usr/local/texlive/2022/texmf-dist/tex/latex/psnfss/times.sty
Package: times 2020/03/25 PSNFSS-v9.3 (SPQR) 
) (/usr/local/texlive/2022/texmf-dist/tex/latex/base/fontenc.sty
Package: fontenc 2021/04/29 v2.0v Standard LaTeX package
LaTeX Font Info:    Trying to load font information for T1+ptm on input line 112.
 (/usr/local/texlive/2022/texmf-dist/tex/latex/psnfss/t1ptm.fd
File: t1ptm.fd 2001/06/04 font definitions for T1/ptm.
)) (/usr/local/texlive/2022/texmf-dist/tex/latex/graphics/graphicx.sty
Package: graphicx 2021/09/16 v1.2d Enhanced LaTeX Graphics (DPC,SPQR)
 (/usr/local/texlive/2022/texmf-dist/tex/latex/graphics/keyval.sty
Package: keyval 2014/10/28 v1.15 key=value parser (DPC)
\KV@toks@=\toks16
) (/usr/local/texlive/2022/texmf-dist/tex/latex/graphics/graphics.sty
Package: graphics 2021/03/04 v1.4d Standard LaTeX Graphics (DPC,SPQR)
 (/usr/local/texlive/2022/texmf-dist/tex/latex/graphics/trig.sty
Package: trig 2021/08/11 v1.11 sin cos tan (DPC)
) (/usr/local/texlive/2022/texmf-dist/tex/latex/graphics-cfg/graphics.cfg
File: graphics.cfg 2016/06/04 v1.11 sample graphics configuration
)
Package graphics Info: Driver file: pdftex.def on input line 107.
 (/usr/local/texlive/2022/texmf-dist/tex/latex/graphics-def/pdftex.def
File: pdftex.def 2020/10/05 v1.2a Graphics/color driver for pdftex
))
\Gin@req@height=\dimen139
\Gin@req@width=\dimen140
) (/usr/local/texlive/2022/texmf-dist/tex/latex/tools/calc.sty
Package: calc 2017/05/25 v4.3 Infix arithmetic (KKT,FJ)
\calc@Acount=\count188
\calc@Bcount=\count189
\calc@Adimen=\dimen141
\calc@Bdimen=\dimen142
\calc@Askip=\skip47
\calc@Bskip=\skip48
LaTeX Info: Redefining \setlength on input line 80.
LaTeX Info: Redefining \addtolength on input line 81.
\calc@Ccount=\count190
\calc@Cskip=\skip49
) (/usr/local/texlive/2022/texmf-dist/tex/latex/pdfpages/pdfpages.sty
Package: pdfpages 2022/01/29 v0.5u Insert pages of external PDF documents (AM)
 (/usr/local/texlive/2022/texmf-dist/tex/latex/base/ifthen.sty
Package: ifthen 2020/11/24 v1.1c Standard LaTeX ifthen package (DPC)
) (/usr/local/texlive/2022/texmf-dist/tex/latex/eso-pic/eso-pic.sty
Package: eso-pic 2020/10/14 v3.0a eso-pic (RN)
\ESO@tempdima=\dimen143
\ESO@tempdimb=\dimen144
 (/usr/local/texlive/2022/texmf-dist/tex/latex/xcolor/xcolor.sty
Package: xcolor 2021/10/31 v2.13 LaTeX color extensions (UK)
 (/usr/local/texlive/2022/texmf-dist/tex/latex/graphics-cfg/color.cfg
File: color.cfg 2016/01/02 v1.6 sample color configuration
)
Package xcolor Info: Driver file: pdftex.def on input line 227.
Package xcolor Info: Model `cmy' substituted by `cmy0' on input line 1352.
Package xcolor Info: Model `hsb' substituted by `rgb' on input line 1356.
Package xcolor Info: Model `RGB' extended on input line 1368.
Package xcolor Info: Model `HTML' substituted by `rgb' on input line 1370.
Package xcolor Info: Model `Hsb' substituted by `hsb' on input line 1371.
Package xcolor Info: Model `tHsb' substituted by `hsb' on input line 1372.
Package xcolor Info: Model `HSB' substituted by `hsb' on input line 1373.
Package xcolor Info: Model `Gray' substituted by `gray' on input line 1374.
Package xcolor Info: Model `wave' substituted by `hsb' on input line 1375.
))
\AM@pagewidth=\dimen145
\AM@pageheight=\dimen146
\AM@fboxrule=\dimen147
 (/usr/local/texlive/2022/texmf-dist/tex/latex/pdfpages/pppdftex.def
File: pppdftex.def 2022/01/29 v0.5u Pdfpages driver for pdfTeX (AM)
)
\pdfpages@includegraphics@status=\count191
\AM@pagebox=\box50
\AM@global@opts=\toks17
\AM@pagecnt=\count192
\AM@toc@title=\toks18
\c@AM@survey=\count193
\AM@templatesizebox=\box51
) (/usr/local/texlive/2022/texmf-dist/tex/latex/base/report.cls
Document Class: report 2021/10/04 v1.4n Standard LaTeX document class
(/usr/local/texlive/2022/texmf-dist/tex/latex/base/size12.clo
File: size12.clo 2021/10/04 v1.4n Standard LaTeX file (size option)
)
\c@part=\count194
\c@chapter=\count195
\c@section=\count196
\c@subsection=\count197
\c@subsubsection=\count198
\c@paragraph=\count199
\c@subparagraph=\count266
\c@figure=\count267
\c@table=\count268
\abovecaptionskip=\skip50
\belowcaptionskip=\skip51
\bibindent=\dimen148
) (/usr/local/texlive/2022/texmf-dist/tex/latex/geometry/geometry.sty
Package: geometry 2020/01/02 v5.9 Page Geometry
 (/usr/local/texlive/2022/texmf-dist/tex/generic/iftex/ifvtex.sty
Package: ifvtex 2019/10/25 v1.7 ifvtex legacy package. Use iftex instead.
 (/usr/local/texlive/2022/texmf-dist/tex/generic/iftex/iftex.sty
Package: iftex 2022/02/03 v1.0f TeX engine tests
))
\Gm@cnth=\count269
\Gm@cntv=\count270
\c@Gm@tempcnt=\count271
\Gm@bindingoffset=\dimen149
\Gm@wd@mp=\dimen150
\Gm@odd@mp=\dimen151
\Gm@even@mp=\dimen152
\Gm@layoutwidth=\dimen153
\Gm@layoutheight=\dimen154
\Gm@layouthoffset=\dimen155
\Gm@layoutvoffset=\dimen156
\Gm@dimlist=\toks19
) (/usr/local/texlive/2022/texmf-dist/tex/latex/tabulary/tabulary.sty
Package: tabulary 2014/06/11 v0.10 tabulary package (DPC)
 (/usr/local/texlive/2022/texmf-dist/tex/latex/tools/array.sty
Package: array 2021/10/04 v2.5f Tabular extension package (FMi)
\col@sep=\dimen157
\ar@mcellbox=\box52
\extrarowheight=\dimen158
\NC@list=\toks20
\extratabsurround=\skip52
\backup@length=\skip53
\ar@cellbox=\box53
)
\TY@count=\count272
\TY@linewidth=\dimen159
\tymin=\dimen160
\tymax=\dimen161
\TY@tablewidth=\dimen162
) (/usr/local/texlive/2022/texmf-dist/tex/latex/adjustbox/adjustbox.sty
Package: adjustbox 2020/08/19 v1.3 Adjusting TeX boxes (trim, clip, ...)
 (/usr/local/texlive/2022/texmf-dist/tex/latex/xkeyval/xkeyval.sty
Package: xkeyval 2020/11/20 v2.8 package option processing (HA)
 (/usr/local/texlive/2022/texmf-dist/tex/generic/xkeyval/xkeyval.tex (/usr/local/texlive/2022/texmf-dist/tex/generic/xkeyval/xkvutils.tex
\XKV@toks=\toks21
\XKV@tempa@toks=\toks22
)
\XKV@depth=\count273
File: xkeyval.tex 2014/12/03 v2.7a key=value parser (HA)
)) (/usr/local/texlive/2022/texmf-dist/tex/latex/adjustbox/adjcalc.sty
Package: adjcalc 2012/05/16 v1.1 Provides advanced setlength with multiple back-ends (calc, etex, pgfmath)
) (/usr/local/texlive/2022/texmf-dist/tex/latex/adjustbox/trimclip.sty
Package: trimclip 2020/08/19 v1.2 Trim and clip general TeX material
 (/usr/local/texlive/2022/texmf-dist/tex/latex/collectbox/collectbox.sty
Package: collectbox 2012/05/17 v0.4b Collect macro arguments as boxes
\collectedbox=\box54
)
\tc@llx=\dimen163
\tc@lly=\dimen164
\tc@urx=\dimen165
\tc@ury=\dimen166
Package trimclip Info: Using driver 'tc-pdftex.def'.
 (/usr/local/texlive/2022/texmf-dist/tex/latex/adjustbox/tc-pdftex.def
File: tc-pdftex.def 2019/01/04 v2.2 Clipping driver for pdftex
))
\adjbox@Width=\dimen167
\adjbox@Height=\dimen168
\adjbox@Depth=\dimen169
\adjbox@Totalheight=\dimen170
\adjbox@pwidth=\dimen171
\adjbox@pheight=\dimen172
\adjbox@pdepth=\dimen173
\adjbox@ptotalheight=\dimen174
 (/usr/local/texlive/2022/texmf-dist/tex/latex/ifoddpage/ifoddpage.sty
Package: ifoddpage 2016/04/23 v1.1 Conditionals for odd/even page detection
\c@checkoddpage=\count274
) (/usr/local/texlive/2022/texmf-dist/tex/latex/varwidth/varwidth.sty
Package: varwidth 2009/03/30 ver 0.92;  Variable-width minipages
\@vwid@box=\box55
\sift@deathcycles=\count275
\@vwid@loff=\dimen175
\@vwid@roff=\dimen176
)) (/usr/local/texlive/2022/texmf-dist/tex/latex/caption/subcaption.sty
Package: subcaption 2022/01/07 v1.5 Sub-captions (AR)
 (/usr/local/texlive/2022/texmf-dist/tex/latex/caption/caption.sty
Package: caption 2022/03/01 v3.6b Customizing captions (AR)
 (/usr/local/texlive/2022/texmf-dist/tex/latex/caption/caption3.sty
Package: caption3 2022/03/17 v2.3b caption3 kernel (AR)
\caption@tempdima=\dimen177
\captionmargin=\dimen178
\caption@leftmargin=\dimen179
\caption@rightmargin=\dimen180
\caption@width=\dimen181
\caption@indent=\dimen182
\caption@parindent=\dimen183
\caption@hangindent=\dimen184
Package caption Info: Standard document class detected.
)
\c@caption@flags=\count276
\c@continuedfloat=\count277
)
\c@subfigure=\count278
\c@subtable=\count279
) (/usr/local/texlive/2022/texmf-dist/tex/latex/tocloft/tocloft.sty
Package: tocloft 2017/08/31 v2.3i parameterised ToC, etc., typesetting
Package tocloft Info: The document has chapter divisions on input line 51.
\cftparskip=\skip54
\cftbeforetoctitleskip=\skip55
\cftaftertoctitleskip=\skip56
\cftbeforepartskip=\skip57
\cftpartnumwidth=\skip58
\cftpartindent=\skip59
\cftbeforechapskip=\skip60
\cftchapindent=\skip61
\cftchapnumwidth=\skip62
\cftbeforesecskip=\skip63
\cftsecindent=\skip64
\cftsecnumwidth=\skip65
\cftbeforesubsecskip=\skip66
\cftsubsecindent=\skip67
\cftsubsecnumwidth=\skip68
\cftbeforesubsubsecskip=\skip69
\cftsubsubsecindent=\skip70
\cftsubsubsecnumwidth=\skip71
\cftbeforeparaskip=\skip72
\cftparaindent=\skip73
\cftparanumwidth=\skip74
\cftbeforesubparaskip=\skip75
\cftsubparaindent=\skip76
\cftsubparanumwidth=\skip77
\cftbeforeloftitleskip=\skip78
\cftafterloftitleskip=\skip79
\cftbeforefigskip=\skip80
\cftfigindent=\skip81
\cftfignumwidth=\skip82
\c@lofdepth=\count280
\c@lotdepth=\count281
\cftbeforelottitleskip=\skip83
\cftafterlottitleskip=\skip84
\cftbeforetabskip=\skip85
\cfttabindent=\skip86
\cfttabnumwidth=\skip87
) (/usr/local/texlive/2022/texmf-dist/tex/latex/fancyhdr/fancyhdr.sty
Package: fancyhdr 2021/01/28 v4.0.1 Extensive control of page headers and footers
\f@nch@headwidth=\skip88
\f@nch@O@elh=\skip89
\f@nch@O@erh=\skip90
\f@nch@O@olh=\skip91
\f@nch@O@orh=\skip92
\f@nch@O@elf=\skip93
\f@nch@O@erf=\skip94
\f@nch@O@olf=\skip95
\f@nch@O@orf=\skip96
) (/usr/local/texlive/2022/texmf-dist/tex/latex/amsmath/amsmath.sty
Package: amsmath 2021/10/15 v2.17l AMS math features
\@mathmargin=\skip97

For additional information on amsmath, use the `?' option.
(/usr/local/texlive/2022/texmf-dist/tex/latex/amsmath/amstext.sty
Package: amstext 2021/08/26 v2.01 AMS text
 (/usr/local/texlive/2022/texmf-dist/tex/latex/amsmath/amsgen.sty
File: amsgen.sty 1999/11/30 v2.0 generic functions
\@emptytoks=\toks23
\ex@=\dimen185
)) (/usr/local/texlive/2022/texmf-dist/tex/latex/amsmath/amsbsy.sty
Package: amsbsy 1999/11/29 v1.2d Bold Symbols
\pmbraise@=\dimen186
) (/usr/local/texlive/2022/texmf-dist/tex/latex/amsmath/amsopn.sty
Package: amsopn 2021/08/26 v2.02 operator names
)
\inf@bad=\count282
LaTeX Info: Redefining \frac on input line 234.
\uproot@=\count283
\leftroot@=\count284
LaTeX Info: Redefining \overline on input line 399.
\classnum@=\count285
\DOTSCASE@=\count286
LaTeX Info: Redefining \ldots on input line 496.
LaTeX Info: Redefining \dots on input line 499.
LaTeX Info: Redefining \cdots on input line 620.
\Mathstrutbox@=\box56
\strutbox@=\box57
\big@size=\dimen187
LaTeX Font Info:    Redeclaring font encoding OML on input line 743.
LaTeX Font Info:    Redeclaring font encoding OMS on input line 744.
\macc@depth=\count287
\c@MaxMatrixCols=\count288
\dotsspace@=\muskip16
\c@parentequation=\count289
\dspbrk@lvl=\count290
\tag@help=\toks24
\row@=\count291
\column@=\count292
\maxfields@=\count293
\andhelp@=\toks25
\eqnshift@=\dimen188
\alignsep@=\dimen189
\tagshift@=\dimen190
\tagwidth@=\dimen191
\totwidth@=\dimen192
\lineht@=\dimen193
\@envbody=\toks26
\multlinegap=\skip98
\multlinetaggap=\skip99
\mathdisplay@stack=\toks27
LaTeX Info: Redefining \[ on input line 2938.
LaTeX Info: Redefining \] on input line 2939.
) (/usr/local/texlive/2022/texmf-dist/tex/latex/cite/cite.sty
LaTeX Info: Redefining \cite on input line 302.
LaTeX Info: Redefining \nocite on input line 332.
Package: cite 2015/02/27  v 5.5
) (/usr/local/texlive/2022/texmf-dist/tex/latex/multirow/multirow.sty
Package: multirow 2021/03/15 v2.8 Span multiple rows of a table
\multirow@colwidth=\skip100
\multirow@cntb=\count294
\multirow@dima=\skip101
\bigstrutjot=\dimen194
) (/usr/local/texlive/2022/texmf-dist/tex/latex/titlesec/titlesec.sty
Package: titlesec 2021/07/05 v2.14 Sectioning titles
\ttl@box=\box58
\beforetitleunit=\skip102
\aftertitleunit=\skip103
\ttl@plus=\dimen195
\ttl@minus=\dimen196
\ttl@toksa=\toks28
\titlewidth=\dimen197
\titlewidthlast=\dimen198
\titlewidthfirst=\dimen199
) (/usr/local/texlive/2022/texmf-dist/tex/latex/ragged2e/ragged2e.sty
Package: ragged2e 2021/12/15 v3.1 ragged2e Package
\CenteringLeftskip=\skip104
\RaggedLeftLeftskip=\skip105
\RaggedRightLeftskip=\skip106
\CenteringRightskip=\skip107
\RaggedLeftRightskip=\skip108
\RaggedRightRightskip=\skip109
\CenteringParfillskip=\skip110
\RaggedLeftParfillskip=\skip111
\RaggedRightParfillskip=\skip112
\JustifyingParfillskip=\skip113
\CenteringParindent=\skip114
\RaggedLeftParindent=\skip115
\RaggedRightParindent=\skip116
\JustifyingParindent=\skip117
) (/usr/local/texlive/2022/texmf-dist/tex/latex/algorithms/algorithm.sty
Package: algorithm 2009/08/24 v0.1 Document Style `algorithm' - floating environment
 (/usr/local/texlive/2022/texmf-dist/tex/latex/float/float.sty
Package: float 2001/11/08 v1.3d Float enhancements (AL)
\c@float@type=\count295
\float@exts=\toks29
\float@box=\box59
\@float@everytoks=\toks30
\@floatcapt=\box60
)
\@float@every@algorithm=\toks31
\c@algorithm=\count296
) (/usr/local/texlive/2022/texmf-dist/tex/latex/algorithmicx/algcompatible.sty
Package: algcompatible 
 (/usr/local/texlive/2022/texmf-dist/tex/latex/algorithmicx/algorithmicx.sty
Package: algorithmicx 2005/04/27 v1.2 Algorithmicx

Document Style algorithmicx 1.2 - a greatly improved `algorithmic' style
\c@ALG@line=\count297
\c@ALG@rem=\count298
\c@ALG@nested=\count299
\ALG@tlm=\skip118
\ALG@thistlm=\skip119
\c@ALG@Lnr=\count300
\c@ALG@blocknr=\count301
\c@ALG@storecount=\count302
\c@ALG@tmpcounter=\count303
\ALG@tmplength=\skip120
)
Document Style - algorithmic compatible environments for the `algorithmicx' style
) (/usr/local/texlive/2022/texmf-dist/tex/latex/algorithmicx/algpseudocode.sty
Package: algpseudocode 

Document Style - pseudocode environments for use with the `algorithmicx' style
) (/usr/local/texlive/2022/texmf-dist/tex/latex/listings/listings.sty
\lst@mode=\count304
\lst@gtempboxa=\box61
\lst@token=\toks32
\lst@length=\count305
\lst@currlwidth=\dimen256
\lst@column=\count306
\lst@pos=\count307
\lst@lostspace=\dimen257
\lst@width=\dimen258
\lst@newlines=\count308
\lst@lineno=\count309
\lst@maxwidth=\dimen259
 (/usr/local/texlive/2022/texmf-dist/tex/latex/listings/lstmisc.sty
File: lstmisc.sty 2020/03/24 1.8d (Carsten Heinz)
\c@lstnumber=\count310
\lst@skipnumbers=\count311
\lst@framebox=\box62
) (/usr/local/texlive/2022/texmf-dist/tex/latex/listings/listings.cfg
File: listings.cfg 2020/03/24 1.8d listings configuration
))
Package: listings 2020/03/24 1.8d (Carsten Heinz)
 (/usr/local/texlive/2022/texmf-dist/tex/latex/inconsolata/inconsolata.sty
Package: inconsolata 2019/05/17 v1.12
 `inconsolata-zi4' v1.12, 2019/05/17 Text macros for Inconsolata (msharpe) (/usr/local/texlive/2022/texmf-dist/tex/latex/base/textcomp.sty
Package: textcomp 2020/02/02 v2.0n Standard LaTeX package
)
\zifour@ocount=\count312
) (/usr/local/texlive/2022/texmf-dist/tex/latex/url/url.sty
\Urlmuskip=\muskip17
Package: url 2013/09/16  ver 3.4  Verb mode for urls, etc.
) (/usr/local/texlive/2022/texmf-dist/tex/latex/forloop/forloop.sty
Package: forloop 2006/09/18 v3.0 For Loops for LaTeX
) (/usr/local/texlive/2022/texmf-dist/tex/latex/tools/longtable.sty
Package: longtable 2021-09-01 v4.17 Multi-page Table package (DPC)
\LTleft=\skip121
\LTright=\skip122
\LTpre=\skip123
\LTpost=\skip124
\LTchunksize=\count313
\LTcapwidth=\dimen260
\LT@head=\box63
\LT@firsthead=\box64
\LT@foot=\box65
\LT@lastfoot=\box66
\LT@gbox=\box67
\LT@cols=\count314
\LT@rows=\count315
\c@LT@tables=\count316
\c@LT@chunks=\count317
\LT@p@ftn=\toks33
) (/usr/local/texlive/2022/texmf-dist/tex/latex/enumitem/enumitem.sty
Package: enumitem 2019/06/20 v3.9 Customized lists
\labelindent=\skip125
\enit@outerparindent=\dimen261
\enit@toks=\toks34
\enit@inbox=\box68
\enit@count@id=\count318
\enitdp@description=\count319
) (/usr/local/texlive/2022/texmf-dist/tex/latex/hyphenat/hyphenat.sty
Package: hyphenat 2009/09/02 v2.3c hyphenation utilities


Package hyphenat Warning: *******************************
(hyphenat)                * You have used the htt option.
(hyphenat)                * You are likely to get many Font Warning messages.
(hyphenat)                * These can usually be ignored.
(hyphenat)                *******************************.

\langwohyphens=\language88
LaTeX Info: Redefining \_ on input line 43.
) (/usr/local/texlive/2022/texmf-dist/tex/latex/pgf/frontendlayer/tikz.sty (/usr/local/texlive/2022/texmf-dist/tex/latex/pgf/basiclayer/pgf.sty (/usr/local/texlive/2022/texmf-dist/tex/latex/pgf/utilities/pgfrcs.sty (/usr/local/texlive/2022/texmf-dist/tex/generic/pgf/utilities/pgfutil-common.tex
\pgfutil@everybye=\toks35
\pgfutil@tempdima=\dimen262
\pgfutil@tempdimb=\dimen263
 (/usr/local/texlive/2022/texmf-dist/tex/generic/pgf/utilities/pgfutil-common-lists.tex)) (/usr/local/texlive/2022/texmf-dist/tex/generic/pgf/utilities/pgfutil-latex.def
\pgfutil@abb=\box69
) (/usr/local/texlive/2022/texmf-dist/tex/generic/pgf/utilities/pgfrcs.code.tex (/usr/local/texlive/2022/texmf-dist/tex/generic/pgf/pgf.revision.tex)
Package: pgfrcs 2021/05/15 v3.1.9a (3.1.9a)
))
Package: pgf 2021/05/15 v3.1.9a (3.1.9a)
 (/usr/local/texlive/2022/texmf-dist/tex/latex/pgf/basiclayer/pgfcore.sty (/usr/local/texlive/2022/texmf-dist/tex/latex/pgf/systemlayer/pgfsys.sty (/usr/local/texlive/2022/texmf-dist/tex/generic/pgf/systemlayer/pgfsys.code.tex
Package: pgfsys 2021/05/15 v3.1.9a (3.1.9a)
 (/usr/local/texlive/2022/texmf-dist/tex/generic/pgf/utilities/pgfkeys.code.tex
\pgfkeys@pathtoks=\toks36
\pgfkeys@temptoks=\toks37
 (/usr/local/texlive/2022/texmf-dist/tex/generic/pgf/utilities/pgfkeysfiltered.code.tex
\pgfkeys@tmptoks=\toks38
))
\pgf@x=\dimen264
\pgf@y=\dimen265
\pgf@xa=\dimen266
\pgf@ya=\dimen267
\pgf@xb=\dimen268
\pgf@yb=\dimen269
\pgf@xc=\dimen270
\pgf@yc=\dimen271
\pgf@xd=\dimen272
\pgf@yd=\dimen273
\w@pgf@writea=\write3
\r@pgf@reada=\read3
\c@pgf@counta=\count320
\c@pgf@countb=\count321
\c@pgf@countc=\count322
\c@pgf@countd=\count323
\t@pgf@toka=\toks39
\t@pgf@tokb=\toks40
\t@pgf@tokc=\toks41
\pgf@sys@id@count=\count324
 (/usr/local/texlive/2022/texmf-dist/tex/generic/pgf/systemlayer/pgf.cfg
File: pgf.cfg 2021/05/15 v3.1.9a (3.1.9a)
)
Driver file for pgf: pgfsys-pdftex.def
 (/usr/local/texlive/2022/texmf-dist/tex/generic/pgf/systemlayer/pgfsys-pdftex.def
File: pgfsys-pdftex.def 2021/05/15 v3.1.9a (3.1.9a)
 (/usr/local/texlive/2022/texmf-dist/tex/generic/pgf/systemlayer/pgfsys-common-pdf.def
File: pgfsys-common-pdf.def 2021/05/15 v3.1.9a (3.1.9a)
))) (/usr/local/texlive/2022/texmf-dist/tex/generic/pgf/systemlayer/pgfsyssoftpath.code.tex
File: pgfsyssoftpath.code.tex 2021/05/15 v3.1.9a (3.1.9a)
\pgfsyssoftpath@smallbuffer@items=\count325
\pgfsyssoftpath@bigbuffer@items=\count326
) (/usr/local/texlive/2022/texmf-dist/tex/generic/pgf/systemlayer/pgfsysprotocol.code.tex
File: pgfsysprotocol.code.tex 2021/05/15 v3.1.9a (3.1.9a)
)) (/usr/local/texlive/2022/texmf-dist/tex/generic/pgf/basiclayer/pgfcore.code.tex
Package: pgfcore 2021/05/15 v3.1.9a (3.1.9a)
 (/usr/local/texlive/2022/texmf-dist/tex/generic/pgf/math/pgfmath.code.tex (/usr/local/texlive/2022/texmf-dist/tex/generic/pgf/math/pgfmathcalc.code.tex (/usr/local/texlive/2022/texmf-dist/tex/generic/pgf/math/pgfmathutil.code.tex) (/usr/local/texlive/2022/texmf-dist/tex/generic/pgf/math/pgfmathparser.code.tex
\pgfmath@dimen=\dimen274
\pgfmath@count=\count327
\pgfmath@box=\box70
\pgfmath@toks=\toks42
\pgfmath@stack@operand=\toks43
\pgfmath@stack@operation=\toks44
) (/usr/local/texlive/2022/texmf-dist/tex/generic/pgf/math/pgfmathfunctions.code.tex (/usr/local/texlive/2022/texmf-dist/tex/generic/pgf/math/pgfmathfunctions.basic.code.tex) (/usr/local/texlive/2022/texmf-dist/tex/generic/pgf/math/pgfmathfunctions.trigonometric.code.tex) (/usr/local/texlive/2022/texmf-dist/tex/generic/pgf/math/pgfmathfunctions.random.code.tex) (/usr/local/texlive/2022/texmf-dist/tex/generic/pgf/math/pgfmathfunctions.comparison.code.tex) (/usr/local/texlive/2022/texmf-dist/tex/generic/pgf/math/pgfmathfunctions.base.code.tex) (/usr/local/texlive/2022/texmf-dist/tex/generic/pgf/math/pgfmathfunctions.round.code.tex) (/usr/local/texlive/2022/texmf-dist/tex/generic/pgf/math/pgfmathfunctions.misc.code.tex) (/usr/local/texlive/2022/texmf-dist/tex/generic/pgf/math/pgfmathfunctions.integerarithmetics.code.tex))) (/usr/local/texlive/2022/texmf-dist/tex/generic/pgf/math/pgfmathfloat.code.tex
\c@pgfmathroundto@lastzeros=\count328
)) (/usr/local/texlive/2022/texmf-dist/tex/generic/pgf/math/pgfint.code.tex) (/usr/local/texlive/2022/texmf-dist/tex/generic/pgf/basiclayer/pgfcorepoints.code.tex
File: pgfcorepoints.code.tex 2021/05/15 v3.1.9a (3.1.9a)
\pgf@picminx=\dimen275
\pgf@picmaxx=\dimen276
\pgf@picminy=\dimen277
\pgf@picmaxy=\dimen278
\pgf@pathminx=\dimen279
\pgf@pathmaxx=\dimen280
\pgf@pathminy=\dimen281
\pgf@pathmaxy=\dimen282
\pgf@xx=\dimen283
\pgf@xy=\dimen284
\pgf@yx=\dimen285
\pgf@yy=\dimen286
\pgf@zx=\dimen287
\pgf@zy=\dimen288
) (/usr/local/texlive/2022/texmf-dist/tex/generic/pgf/basiclayer/pgfcorepathconstruct.code.tex
File: pgfcorepathconstruct.code.tex 2021/05/15 v3.1.9a (3.1.9a)
\pgf@path@lastx=\dimen289
\pgf@path@lasty=\dimen290
) (/usr/local/texlive/2022/texmf-dist/tex/generic/pgf/basiclayer/pgfcorepathusage.code.tex
File: pgfcorepathusage.code.tex 2021/05/15 v3.1.9a (3.1.9a)
\pgf@shorten@end@additional=\dimen291
\pgf@shorten@start@additional=\dimen292
) (/usr/local/texlive/2022/texmf-dist/tex/generic/pgf/basiclayer/pgfcorescopes.code.tex
File: pgfcorescopes.code.tex 2021/05/15 v3.1.9a (3.1.9a)
\pgfpic=\box71
\pgf@hbox=\box72
\pgf@layerbox@main=\box73
\pgf@picture@serial@count=\count329
) (/usr/local/texlive/2022/texmf-dist/tex/generic/pgf/basiclayer/pgfcoregraphicstate.code.tex
File: pgfcoregraphicstate.code.tex 2021/05/15 v3.1.9a (3.1.9a)
\pgflinewidth=\dimen293
) (/usr/local/texlive/2022/texmf-dist/tex/generic/pgf/basiclayer/pgfcoretransformations.code.tex
File: pgfcoretransformations.code.tex 2021/05/15 v3.1.9a (3.1.9a)
\pgf@pt@x=\dimen294
\pgf@pt@y=\dimen295
\pgf@pt@temp=\dimen296
) (/usr/local/texlive/2022/texmf-dist/tex/generic/pgf/basiclayer/pgfcorequick.code.tex
File: pgfcorequick.code.tex 2021/05/15 v3.1.9a (3.1.9a)
) (/usr/local/texlive/2022/texmf-dist/tex/generic/pgf/basiclayer/pgfcoreobjects.code.tex
File: pgfcoreobjects.code.tex 2021/05/15 v3.1.9a (3.1.9a)
) (/usr/local/texlive/2022/texmf-dist/tex/generic/pgf/basiclayer/pgfcorepathprocessing.code.tex
File: pgfcorepathprocessing.code.tex 2021/05/15 v3.1.9a (3.1.9a)
) (/usr/local/texlive/2022/texmf-dist/tex/generic/pgf/basiclayer/pgfcorearrows.code.tex
File: pgfcorearrows.code.tex 2021/05/15 v3.1.9a (3.1.9a)
\pgfarrowsep=\dimen297
) (/usr/local/texlive/2022/texmf-dist/tex/generic/pgf/basiclayer/pgfcoreshade.code.tex
File: pgfcoreshade.code.tex 2021/05/15 v3.1.9a (3.1.9a)
\pgf@max=\dimen298
\pgf@sys@shading@range@num=\count330
\pgf@shadingcount=\count331
) (/usr/local/texlive/2022/texmf-dist/tex/generic/pgf/basiclayer/pgfcoreimage.code.tex
File: pgfcoreimage.code.tex 2021/05/15 v3.1.9a (3.1.9a)
 (/usr/local/texlive/2022/texmf-dist/tex/generic/pgf/basiclayer/pgfcoreexternal.code.tex
File: pgfcoreexternal.code.tex 2021/05/15 v3.1.9a (3.1.9a)
\pgfexternal@startupbox=\box74
)) (/usr/local/texlive/2022/texmf-dist/tex/generic/pgf/basiclayer/pgfcorelayers.code.tex
File: pgfcorelayers.code.tex 2021/05/15 v3.1.9a (3.1.9a)
) (/usr/local/texlive/2022/texmf-dist/tex/generic/pgf/basiclayer/pgfcoretransparency.code.tex
File: pgfcoretransparency.code.tex 2021/05/15 v3.1.9a (3.1.9a)
) (/usr/local/texlive/2022/texmf-dist/tex/generic/pgf/basiclayer/pgfcorepatterns.code.tex
File: pgfcorepatterns.code.tex 2021/05/15 v3.1.9a (3.1.9a)
) (/usr/local/texlive/2022/texmf-dist/tex/generic/pgf/basiclayer/pgfcorerdf.code.tex
File: pgfcorerdf.code.tex 2021/05/15 v3.1.9a (3.1.9a)
))) (/usr/local/texlive/2022/texmf-dist/tex/generic/pgf/modules/pgfmoduleshapes.code.tex
File: pgfmoduleshapes.code.tex 2021/05/15 v3.1.9a (3.1.9a)
\pgfnodeparttextbox=\box75
) (/usr/local/texlive/2022/texmf-dist/tex/generic/pgf/modules/pgfmoduleplot.code.tex
File: pgfmoduleplot.code.tex 2021/05/15 v3.1.9a (3.1.9a)
) (/usr/local/texlive/2022/texmf-dist/tex/latex/pgf/compatibility/pgfcomp-version-0-65.sty
Package: pgfcomp-version-0-65 2021/05/15 v3.1.9a (3.1.9a)
\pgf@nodesepstart=\dimen299
\pgf@nodesepend=\dimen300
) (/usr/local/texlive/2022/texmf-dist/tex/latex/pgf/compatibility/pgfcomp-version-1-18.sty
Package: pgfcomp-version-1-18 2021/05/15 v3.1.9a (3.1.9a)
)) (/usr/local/texlive/2022/texmf-dist/tex/latex/pgf/utilities/pgffor.sty (/usr/local/texlive/2022/texmf-dist/tex/latex/pgf/utilities/pgfkeys.sty (/usr/local/texlive/2022/texmf-dist/tex/generic/pgf/utilities/pgfkeys.code.tex)) (/usr/local/texlive/2022/texmf-dist/tex/latex/pgf/math/pgfmath.sty (/usr/local/texlive/2022/texmf-dist/tex/generic/pgf/math/pgfmath.code.tex)) (/usr/local/texlive/2022/texmf-dist/tex/generic/pgf/utilities/pgffor.code.tex
Package: pgffor 2021/05/15 v3.1.9a (3.1.9a)
 (/usr/local/texlive/2022/texmf-dist/tex/generic/pgf/math/pgfmath.code.tex)
\pgffor@iter=\dimen301
\pgffor@skip=\dimen302
\pgffor@stack=\toks45
\pgffor@toks=\toks46
)) (/usr/local/texlive/2022/texmf-dist/tex/generic/pgf/frontendlayer/tikz/tikz.code.tex
Package: tikz 2021/05/15 v3.1.9a (3.1.9a)
 (/usr/local/texlive/2022/texmf-dist/tex/generic/pgf/libraries/pgflibraryplothandlers.code.tex
File: pgflibraryplothandlers.code.tex 2021/05/15 v3.1.9a (3.1.9a)
\pgf@plot@mark@count=\count332
\pgfplotmarksize=\dimen303
)
\tikz@lastx=\dimen304
\tikz@lasty=\dimen305
\tikz@lastxsaved=\dimen306
\tikz@lastysaved=\dimen307
\tikz@lastmovetox=\dimen308
\tikz@lastmovetoy=\dimen309
\tikzleveldistance=\dimen310
\tikzsiblingdistance=\dimen311
\tikz@figbox=\box76
\tikz@figbox@bg=\box77
\tikz@tempbox=\box78
\tikz@tempbox@bg=\box79
\tikztreelevel=\count333
\tikznumberofchildren=\count334
\tikznumberofcurrentchild=\count335
\tikz@fig@count=\count336
 (/usr/local/texlive/2022/texmf-dist/tex/generic/pgf/modules/pgfmodulematrix.code.tex
File: pgfmodulematrix.code.tex 2021/05/15 v3.1.9a (3.1.9a)
\pgfmatrixcurrentrow=\count337
\pgfmatrixcurrentcolumn=\count338
\pgf@matrix@numberofcolumns=\count339
)
\tikz@expandcount=\count340
 (/usr/local/texlive/2022/texmf-dist/tex/generic/pgf/frontendlayer/tikz/libraries/tikzlibrarytopaths.code.tex
File: tikzlibrarytopaths.code.tex 2021/05/15 v3.1.9a (3.1.9a)
))) (/usr/local/texlive/2022/texmf-dist/tex/latex/pgfplots/pgfplots.sty (/usr/local/texlive/2022/texmf-dist/tex/generic/pgfplots/pgfplots.revision.tex)
Package: pgfplots 2021/05/15 v1.18.1 Data Visualization (1.18.1)
 (/usr/local/texlive/2022/texmf-dist/tex/generic/pgfplots/pgfplots.code.tex (/usr/local/texlive/2022/texmf-dist/tex/generic/pgfplots/pgfplotscore.code.tex
\t@pgfplots@toka=\toks47
\t@pgfplots@tokb=\toks48
\t@pgfplots@tokc=\toks49
\pgfplots@tmpa=\dimen312
\c@pgfplots@coordindex=\count341
\c@pgfplots@scanlineindex=\count342
 (/usr/local/texlive/2022/texmf-dist/tex/generic/pgfplots/sys/pgfplotssysgeneric.code.tex)) (/usr/local/texlive/2022/texmf-dist/tex/generic/pgfplots/libs/pgfplotslibrary.code.tex) (/usr/local/texlive/2022/texmf-dist/tex/generic/pgfplots/oldpgfcompatib/pgfplotsoldpgfsupp_loader.code.tex (/usr/local/texlive/2022/texmf-dist/tex/generic/pgf/libraries/pgflibraryfpu.code.tex)) (/usr/local/texlive/2022/texmf-dist/tex/generic/pgfplots/util/pgfplotsutil.code.tex (/usr/local/texlive/2022/texmf-dist/tex/generic/pgfplots/liststructure/pgfplotsliststructure.code.tex) (/usr/local/texlive/2022/texmf-dist/tex/generic/pgfplots/liststructure/pgfplotsliststructureext.code.tex) (/usr/local/texlive/2022/texmf-dist/tex/generic/pgfplots/liststructure/pgfplotsarray.code.tex
\c@pgfplotsarray@tmp=\count343
) (/usr/local/texlive/2022/texmf-dist/tex/generic/pgfplots/liststructure/pgfplotsmatrix.code.tex) (/usr/local/texlive/2022/texmf-dist/tex/generic/pgfplots/numtable/pgfplotstableshared.code.tex
\c@pgfplotstable@counta=\count344
\t@pgfplotstable@a=\toks50
) (/usr/local/texlive/2022/texmf-dist/tex/generic/pgfplots/liststructure/pgfplotsdeque.code.tex) (/usr/local/texlive/2022/texmf-dist/tex/generic/pgfplots/util/pgfplotsbinary.code.tex (/usr/local/texlive/2022/texmf-dist/tex/generic/pgfplots/util/pgfplotsbinary.data.code.tex)) (/usr/local/texlive/2022/texmf-dist/tex/generic/pgfplots/util/pgfplotsutil.verb.code.tex) (/usr/local/texlive/2022/texmf-dist/tex/generic/pgfplots/libs/pgflibrarypgfplots.surfshading.code.tex
\c@pgfplotslibrarysurf@no=\count345
 (/usr/local/texlive/2022/texmf-dist/tex/generic/pgfplots/sys/pgflibrarypgfplots.surfshading.pgfsys-pdftex.def))) (/usr/local/texlive/2022/texmf-dist/tex/generic/pgfplots/util/pgfplotscolormap.code.tex (/usr/local/texlive/2022/texmf-dist/tex/generic/pgfplots/util/pgfplotscolor.code.tex)) (/usr/local/texlive/2022/texmf-dist/tex/generic/pgfplots/pgfplotsstackedplots.code.tex) (/usr/local/texlive/2022/texmf-dist/tex/generic/pgfplots/pgfplotsplothandlers.code.tex (/usr/local/texlive/2022/texmf-dist/tex/generic/pgfplots/pgfplotsmeshplothandler.code.tex (/usr/local/texlive/2022/texmf-dist/tex/generic/pgfplots/pgfplotsmeshplotimage.code.tex))) (/usr/local/texlive/2022/texmf-dist/tex/generic/pgfplots/pgfplots.scaling.code.tex) (/usr/local/texlive/2022/texmf-dist/tex/generic/pgfplots/pgfplotscoordprocessing.code.tex) (/usr/local/texlive/2022/texmf-dist/tex/generic/pgfplots/pgfplots.errorbars.code.tex) (/usr/local/texlive/2022/texmf-dist/tex/generic/pgfplots/pgfplots.markers.code.tex) (/usr/local/texlive/2022/texmf-dist/tex/generic/pgfplots/pgfplotsticks.code.tex) (/usr/local/texlive/2022/texmf-dist/tex/generic/pgfplots/pgfplots.paths.code.tex) (/usr/local/texlive/2022/texmf-dist/tex/generic/pgf/frontendlayer/tikz/libraries/tikzlibrarydecorations.code.tex (/usr/local/texlive/2022/texmf-dist/tex/generic/pgf/modules/pgfmoduledecorations.code.tex
\pgfdecoratedcompleteddistance=\dimen313
\pgfdecoratedremainingdistance=\dimen314
\pgfdecoratedinputsegmentcompleteddistance=\dimen315
\pgfdecoratedinputsegmentremainingdistance=\dimen316
\pgf@decorate@distancetomove=\dimen317
\pgf@decorate@repeatstate=\count346
\pgfdecorationsegmentamplitude=\dimen318
\pgfdecorationsegmentlength=\dimen319
)
\tikz@lib@dec@box=\box80
) (/usr/local/texlive/2022/texmf-dist/tex/generic/pgf/frontendlayer/tikz/libraries/tikzlibrarydecorations.pathmorphing.code.tex (/usr/local/texlive/2022/texmf-dist/tex/generic/pgf/libraries/decorations/pgflibrarydecorations.pathmorphing.code.tex)) (/usr/local/texlive/2022/texmf-dist/tex/generic/pgf/frontendlayer/tikz/libraries/tikzlibrarydecorations.pathreplacing.code.tex (/usr/local/texlive/2022/texmf-dist/tex/generic/pgf/libraries/decorations/pgflibrarydecorations.pathreplacing.code.tex)) (/usr/local/texlive/2022/texmf-dist/tex/generic/pgfplots/libs/tikzlibrarypgfplots.contourlua.code.tex)
\pgfplots@numplots=\count347
\pgfplots@xmin@reg=\dimen320
\pgfplots@xmax@reg=\dimen321
\pgfplots@ymin@reg=\dimen322
\pgfplots@ymax@reg=\dimen323
\pgfplots@zmin@reg=\dimen324
\pgfplots@zmax@reg=\dimen325
) (/usr/local/texlive/2022/texmf-dist/tex/generic/pgf/frontendlayer/tikz/libraries/tikzlibraryplotmarks.code.tex
File: tikzlibraryplotmarks.code.tex 2021/05/15 v3.1.9a (3.1.9a)
 (/usr/local/texlive/2022/texmf-dist/tex/generic/pgf/libraries/pgflibraryplotmarks.code.tex
File: pgflibraryplotmarks.code.tex 2021/05/15 v3.1.9a (3.1.9a)
))) (./pgf-pie.sty
Package: pgf-pie 2011/10/02 v0.2 Some LaTeX macros for pie chart by using PGF/Tikz package.
 (/usr/local/texlive/2022/texmf-dist/tex/latex/carlisle/scalefnt.sty)
\pgfpie@angleEnd=\skip126
\c@pgfpie@explodeLength=\count348
\c@pgfpie@colorLength=\count349
\c@pgfpie@sliceLength=\count350
) (/usr/local/texlive/2022/texmf-dist/tex/latex/hyperref/hyperref.sty
Package: hyperref 2022-02-21 v7.00n Hypertext links for LaTeX
 (/usr/local/texlive/2022/texmf-dist/tex/generic/ltxcmds/ltxcmds.sty
Package: ltxcmds 2020-05-10 v1.25 LaTeX kernel commands for general use (HO)
) (/usr/local/texlive/2022/texmf-dist/tex/generic/pdftexcmds/pdftexcmds.sty
Package: pdftexcmds 2020-06-27 v0.33 Utility functions of pdfTeX for LuaTeX (HO)
 (/usr/local/texlive/2022/texmf-dist/tex/generic/infwarerr/infwarerr.sty
Package: infwarerr 2019/12/03 v1.5 Providing info/warning/error messages (HO)
)
Package pdftexcmds Info: \pdf@primitive is available.
Package pdftexcmds Info: \pdf@ifprimitive is available.
Package pdftexcmds Info: \pdfdraftmode found.
) (/usr/local/texlive/2022/texmf-dist/tex/generic/kvsetkeys/kvsetkeys.sty
Package: kvsetkeys 2019/12/15 v1.18 Key value parser (HO)
) (/usr/local/texlive/2022/texmf-dist/tex/generic/kvdefinekeys/kvdefinekeys.sty
Package: kvdefinekeys 2019-12-19 v1.6 Define keys (HO)
)
(/usr/local/texlive/2022/texmf-dist/tex/generic/pdfescape/pdfescape.sty
Package: pdfescape 2019/12/09 v1.15 Implements pdfTeX's escape features (HO)
) (/usr/local/texlive/2022/texmf-dist/tex/latex/hycolor/hycolor.sty
Package: hycolor 2020-01-27 v1.10 Color options for hyperref/bookmark (HO)
) (/usr/local/texlive/2022/texmf-dist/tex/latex/letltxmacro/letltxmacro.sty
Package: letltxmacro 2019/12/03 v1.6 Let assignment for LaTeX macros (HO)
) (/usr/local/texlive/2022/texmf-dist/tex/latex/auxhook/auxhook.sty
Package: auxhook 2019-12-17 v1.6 Hooks for auxiliary files (HO)
) (/usr/local/texlive/2022/texmf-dist/tex/latex/kvoptions/kvoptions.sty
Package: kvoptions 2020-10-07 v3.14 Key value format for package options (HO)
)
\@linkdim=\dimen326
\Hy@linkcounter=\count351
\Hy@pagecounter=\count352
 (/usr/local/texlive/2022/texmf-dist/tex/latex/hyperref/pd1enc.def
File: pd1enc.def 2022-02-21 v7.00n Hyperref: PDFDocEncoding definition (HO)
Now handling font encoding PD1 ...
... no UTF-8 mapping file for font encoding PD1
) (/usr/local/texlive/2022/texmf-dist/tex/generic/intcalc/intcalc.sty
Package: intcalc 2019/12/15 v1.3 Expandable calculations with integers (HO)
) (/usr/local/texlive/2022/texmf-dist/tex/generic/etexcmds/etexcmds.sty
Package: etexcmds 2019/12/15 v1.7 Avoid name clashes with e-TeX commands (HO)
)
\Hy@SavedSpaceFactor=\count353
 (/usr/local/texlive/2022/texmf-dist/tex/latex/hyperref/puenc.def
File: puenc.def 2022-02-21 v7.00n Hyperref: PDF Unicode definition (HO)
Now handling font encoding PU ...
... no UTF-8 mapping file for font encoding PU
)
Package hyperref Info: Hyper figures OFF on input line 4137.
Package hyperref Info: Link nesting OFF on input line 4142.
Package hyperref Info: Hyper index ON on input line 4145.
Package hyperref Info: Plain pages OFF on input line 4152.
Package hyperref Info: Backreferencing OFF on input line 4157.
Package hyperref Info: Implicit mode ON; LaTeX internals redefined.
Package hyperref Info: Bookmarks ON on input line 4390.
\c@Hy@tempcnt=\count354
LaTeX Info: Redefining \url on input line 4749.
\XeTeXLinkMargin=\dimen327
 (/usr/local/texlive/2022/texmf-dist/tex/generic/bitset/bitset.sty
Package: bitset 2019/12/09 v1.3 Handle bit-vector datatype (HO)
 (/usr/local/texlive/2022/texmf-dist/tex/generic/bigintcalc/bigintcalc.sty
Package: bigintcalc 2019/12/15 v1.5 Expandable calculations on big integers (HO)
))
\Fld@menulength=\count355
\Field@Width=\dimen328
\Fld@charsize=\dimen329
Package hyperref Info: Hyper figures OFF on input line 6027.
Package hyperref Info: Link nesting OFF on input line 6032.
Package hyperref Info: Hyper index ON on input line 6035.
Package hyperref Info: backreferencing OFF on input line 6042.
Package hyperref Info: Link coloring OFF on input line 6047.
Package hyperref Info: Link coloring with OCG OFF on input line 6052.
Package hyperref Info: PDF/A mode OFF on input line 6057.
LaTeX Info: Redefining \ref on input line 6097.
LaTeX Info: Redefining \pageref on input line 6101.
 (/usr/local/texlive/2022/texmf-dist/tex/latex/base/atbegshi-ltx.sty
Package: atbegshi-ltx 2021/01/10 v1.0c Emulation of the original atbegshi
package with kernel methods
)
\Hy@abspage=\count356
\c@Item=\count357
\c@Hfootnote=\count358
)
Package hyperref Info: Driver (autodetected): hpdftex.
 (/usr/local/texlive/2022/texmf-dist/tex/latex/hyperref/hpdftex.def
File: hpdftex.def 2022-02-21 v7.00n Hyperref driver for pdfTeX
 (/usr/local/texlive/2022/texmf-dist/tex/latex/base/atveryend-ltx.sty
Package: atveryend-ltx 2020/08/19 v1.0a Emulation of the original atveryend package
with kernel methods
)
\Fld@listcount=\count359
\c@bookmark@seq@number=\count360
 (/usr/local/texlive/2022/texmf-dist/tex/latex/rerunfilecheck/rerunfilecheck.sty
Package: rerunfilecheck 2019/12/05 v1.9 Rerun checks for auxiliary files (HO)
 (/usr/local/texlive/2022/texmf-dist/tex/generic/uniquecounter/uniquecounter.sty
Package: uniquecounter 2019/12/15 v1.4 Provide unlimited unique counter (HO)
)
Package uniquecounter Info: New unique counter `rerunfilecheck' on input line 286.
)
\Hy@SectionHShift=\skip127
) (/usr/local/texlive/2022/texmf-dist/tex/latex/bookmark/bookmark.sty
Package: bookmark 2020-11-06 v1.29 PDF bookmarks (HO)
 (/usr/local/texlive/2022/texmf-dist/tex/latex/bookmark/bkm-pdftex.def
File: bkm-pdftex.def 2020-11-06 v1.29 bookmark driver for pdfTeX (HO)
\BKM@id=\count361
)) (/usr/local/texlive/2022/texmf-dist/tex/generic/pgf/frontendlayer/tikz/libraries/tikzlibrarycalc.code.tex
File: tikzlibrarycalc.code.tex 2021/05/15 v3.1.9a (3.1.9a)
) (/usr/local/texlive/2022/texmf-dist/tex/generic/pgf/frontendlayer/tikz/libraries/tikzlibrarypositioning.code.tex
File: tikzlibrarypositioning.code.tex 2021/05/15 v3.1.9a (3.1.9a)
) (/usr/local/texlive/2022/texmf-dist/tex/generic/pgf/frontendlayer/tikz/libraries/tikzlibraryarrows.code.tex
File: tikzlibraryarrows.code.tex 2021/05/15 v3.1.9a (3.1.9a)
 (/usr/local/texlive/2022/texmf-dist/tex/generic/pgf/libraries/pgflibraryarrows.code.tex
File: pgflibraryarrows.code.tex 2021/05/15 v3.1.9a (3.1.9a)
\arrowsize=\dimen330
)) (/usr/local/texlive/2022/texmf-dist/tex/generic/pgf/frontendlayer/tikz/libraries/tikzlibraryshapes.code.tex
File: tikzlibraryshapes.code.tex 2021/05/15 v3.1.9a (3.1.9a)
 (/usr/local/texlive/2022/texmf-dist/tex/generic/pgf/frontendlayer/tikz/libraries/tikzlibraryshapes.geometric.code.tex
File: tikzlibraryshapes.geometric.code.tex 2021/05/15 v3.1.9a (3.1.9a)
 (/usr/local/texlive/2022/texmf-dist/tex/generic/pgf/libraries/shapes/pgflibraryshapes.geometric.code.tex
File: pgflibraryshapes.geometric.code.tex 2021/05/15 v3.1.9a (3.1.9a)
)) (/usr/local/texlive/2022/texmf-dist/tex/generic/pgf/frontendlayer/tikz/libraries/tikzlibraryshapes.misc.code.tex
File: tikzlibraryshapes.misc.code.tex 2021/05/15 v3.1.9a (3.1.9a)
 (/usr/local/texlive/2022/texmf-dist/tex/generic/pgf/libraries/shapes/pgflibraryshapes.misc.code.tex
File: pgflibraryshapes.misc.code.tex 2021/05/15 v3.1.9a (3.1.9a)
)) (/usr/local/texlive/2022/texmf-dist/tex/generic/pgf/frontendlayer/tikz/libraries/tikzlibraryshapes.symbols.code.tex
File: tikzlibraryshapes.symbols.code.tex 2021/05/15 v3.1.9a (3.1.9a)
 (/usr/local/texlive/2022/texmf-dist/tex/generic/pgf/libraries/shapes/pgflibraryshapes.symbols.code.tex
File: pgflibraryshapes.symbols.code.tex 2021/05/15 v3.1.9a (3.1.9a)
)) (/usr/local/texlive/2022/texmf-dist/tex/generic/pgf/frontendlayer/tikz/libraries/tikzlibraryshapes.arrows.code.tex
File: tikzlibraryshapes.arrows.code.tex 2021/05/15 v3.1.9a (3.1.9a)
 (/usr/local/texlive/2022/texmf-dist/tex/generic/pgf/libraries/shapes/pgflibraryshapes.arrows.code.tex
File: pgflibraryshapes.arrows.code.tex 2021/05/15 v3.1.9a (3.1.9a)
)) (/usr/local/texlive/2022/texmf-dist/tex/generic/pgf/frontendlayer/tikz/libraries/tikzlibraryshapes.callouts.code.tex (/usr/local/texlive/2022/texmf-dist/tex/generic/pgf/libraries/shapes/pgflibraryshapes.callouts.code.tex)) (/usr/local/texlive/2022/texmf-dist/tex/generic/pgf/frontendlayer/tikz/libraries/tikzlibraryshapes.multipart.code.tex
File: tikzlibraryshapes.multipart.code.tex 2021/05/15 v3.1.9a (3.1.9a)
 (/usr/local/texlive/2022/texmf-dist/tex/generic/pgf/libraries/shapes/pgflibraryshapes.multipart.code.tex
File: pgflibraryshapes.multipart.code.tex 2021/05/15 v3.1.9a (3.1.9a)
\pgfnodepartlowerbox=\box81
\pgfnodeparttwobox=\box82
\pgfnodepartthreebox=\box83
\pgfnodepartfourbox=\box84
\pgfnodeparttwentybox=\box85
\pgfnodepartnineteenbox=\box86
\pgfnodeparteighteenbox=\box87
\pgfnodepartseventeenbox=\box88
\pgfnodepartsixteenbox=\box89
\pgfnodepartfifteenbox=\box90
\pgfnodepartfourteenbox=\box91
\pgfnodepartthirteenbox=\box92
\pgfnodeparttwelvebox=\box93
\pgfnodepartelevenbox=\box94
\pgfnodeparttenbox=\box95
\pgfnodepartninebox=\box96
\pgfnodeparteightbox=\box97
\pgfnodepartsevenbox=\box98
\pgfnodepartsixbox=\box99
\pgfnodepartfivebox=\box100
))) (/usr/local/texlive/2022/texmf-dist/tex/latex/mhchem/mhchem.sty
Package: mhchem 2021/12/31 v4.09 for typesetting chemical formulae
 (/usr/local/texlive/2022/texmf-dist/tex/latex/l3kernel/expl3.sty
Package: expl3 2022-02-24 L3 programming layer (loader) 
 (/usr/local/texlive/2022/texmf-dist/tex/latex/l3backend/l3backend-pdftex.def
File: l3backend-pdftex.def 2022-02-07 L3 backend support: PDF output (pdfTeX)
\l__color_backend_stack_int=\count362
\l__pdf_internal_box=\box101
)) (/usr/local/texlive/2022/texmf-dist/tex/latex/l3packages/l3keys2e/l3keys2e.sty
Package: l3keys2e 2022-01-12 LaTeX2e option processing using LaTeX3 keys
) (/usr/local/texlive/2022/texmf-dist/tex/latex/chemgreek/chemgreek.sty (/usr/local/texlive/2022/texmf-dist/tex/latex/l3packages/xparse/xparse.sty
Package: xparse 2022-01-12 L3 Experimental document command parser
)
Package: chemgreek 2020/01/16 v1.1a interface for upright Greek letters for use in chemistry (CN)
\l__chemgreek_tmpa_int=\count363
\g__chemgreek_tmpa_int=\count364
)
\l__mhchem_ce_distanceFromLastComma_int=\count365
\__mhchem_arrow_extPgfLength_skip=\skip128
\mhchem@minispace@tmp=\skip129
\mhchem@minibackspace@tmp=\skip130
\mhchem@bondwidth=\skip131
\mhchem@bondheight=\skip132
\mhchem@smallbondwidth@tmpA=\skip133
\mhchem@smallbondwidth@tmpB=\skip134
\mhchem@smallbondwidth=\skip135
\mhchem@bondtmp@minussidebearingleft=\skip136
\mhchem@bondtmp@minussidebearingright=\skip137
\l__mhchem_option_version_int=\count366
\mhchem@option@minusmathsidebearingleft=\dimen331
\mhchem@option@minusmathsidebearingright=\dimen332
\mhchem@option@minustextsidebearingleft=\dimen333
\mhchem@option@minustextsidebearingright=\dimen334
) (/usr/local/texlive/2022/texmf-dist/tex/generic/ulem/ulem.sty
\UL@box=\box102
\UL@hyphenbox=\box103
\UL@skip=\skip138
\UL@hook=\toks51
\UL@height=\dimen335
\UL@pe=\count367
\UL@pixel=\dimen336
\ULC@box=\box104
Package: ulem 2019/11/18
\ULdepth=\dimen337
) (/usr/local/texlive/2022/texmf-dist/tex/latex/tabularray/tabularray.sty
Package: tabularray 2022-03-01 v2022A Typeset tabulars and arrays with LaTeX3
\l__tblr_a_int=\count368
\l__tblr_c_int=\count369
\l__tblr_r_int=\count370
\l__tblr_d_dim=\dimen338
\l__tblr_h_dim=\dimen339
\l__tblr_o_dim=\dimen340
\l__tblr_p_dim=\dimen341
\l__tblr_q_dim=\dimen342
\l__tblr_r_dim=\dimen343
\l__tblr_s_dim=\dimen344
\l__tblr_t_dim=\dimen345
\l__tblr_v_dim=\dimen346
\l__tblr_w_dim=\dimen347
\l__tblr_a_box=\box105
\l__tblr_b_box=\box106
\l__tblr_c_box=\box107
\l__tblr_d_box=\box108
\g__tblr_table_count_int=\count371
\c@rownum=\count372
\c@colnum=\count373
\c@rowcount=\count374
\c@colcount=\count375
\abovesep=\dimen348
\belowsep=\dimen349
\leftsep=\dimen350
\rightsep=\dimen351
\g_tblr_level_int=\count376
\g__tblr_data_row_key_count_int=\count377
\g__tblr_data_column_key_count_int=\count378
\g__tblr_data_cell_key_count_int=\count379
\g__tblr_array_int=\count380
\l__tblr_key_count_int=\count381
\l__tblr_key_quotient_int=\count382
\l__tblr_key_quotient_two_int=\count383
\l__tblr_key_remainder_int=\count384
\g__tblr_data_str_value_count_int=\count385
\rulewidth=\dimen352
\l__tblr_strut_ht_box=\box109
\l__tblr_strut_dp_box=\box110
\g__tblr_cell_wd_dim=\dimen353
\g__tblr_cell_ht_dim=\dimen354
\g__tblr_cell_head_dim=\dimen355
\g__tblr_cell_foot_dim=\dimen356
\l__column_target_dim=\dimen357
\l__tblr_caption_box=\box111
\l__tblr_caption_left_box=\box112
\l__tblr_row_head_box=\box113
\l__tblr_row_foot_box=\box114
\l__tblr_row_head_foot_dim=\dimen358
\tablewidth=\dimen359
\l__tblr_table_firsthead_box=\box115
\l__tblr_table_middlehead_box=\box116
\l__tblr_table_lasthead_box=\box117
\l__tblr_table_firstfoot_box=\box118
\l__tblr_table_middlefoot_box=\box119
\l__tblr_table_lastfoot_box=\box120
\l__tblr_remain_height_dim=\dimen360
\l__tblr_long_from_int=\count386
\l__tblr_long_to_int=\count387
\l__tblr_curr_i_int=\count388
\l__tblr_prev_i_int=\count389
\l__tblr_table_page_int=\count390
\l__tblr_table_head_box=\box121
\l__tblr_table_foot_box=\box122
\l__tblr_table_head_foot_dim=\dimen361
\l__tblr_table_head_body_foot_dim=\dimen362
\l__tblr_table_box=\box123
\l__tblr_table_hlines_box=\box124
\l__tblr_hline_box=\box125
\l__tblr_row_box=\box126
\l__tblr_col_o_wd_dim=\dimen363
\l__tblr_col_b_wd_dim=\dimen364
\l__tblr_hline_leftskip_dim=\dimen365
\l__tblr_hline_rightskip_dim=\dimen366
\l__tblr_row_ht_dim=\dimen367
\l__tblr_row_dp_dim=\dimen368
\l__tblr_row_abovesep_dim=\dimen369
\l__tblr_row_belowsep_dim=\dimen370
\l__tblr_row_vlines_box=\box127
\l__tblr_vline_box=\box128
\l__tblr_cell_box=\box129
\l__row_upper_dim=\dimen371
\l__row_lower_dim=\dimen372
\l__row_vpace_dim=\dimen373
\l__tblr_vline_aboveskip_dim=\dimen374
\l__tblr_vline_belowskip_dim=\dimen375
\l__tblr_cell_wd_dim=\dimen376
\l__tblr_cell_ht_dim=\dimen377
\l__tblr_diag_box=\box130
)
\c@exm=\count391
\c@spv=\count392
) (./thesis_template.aux (./contents/chapter-1/chapter-1.aux) (./contents/chapter-2/chapter-2.aux) (./contents/chapter-3/chapter-3.aux) (./contents/chapter-4/chapter-4.aux) (./contents/chapter-5/chapter-5.aux))
\openout1 = `thesis_template.aux'.

LaTeX Font Info:    Checking defaults for OML/cmm/m/it on input line 55.
LaTeX Font Info:    ... okay on input line 55.
LaTeX Font Info:    Checking defaults for OMS/cmsy/m/n on input line 55.
LaTeX Font Info:    ... okay on input line 55.
LaTeX Font Info:    Checking defaults for OT1/cmr/m/n on input line 55.
LaTeX Font Info:    ... okay on input line 55.
LaTeX Font Info:    Checking defaults for T1/cmr/m/n on input line 55.
LaTeX Font Info:    ... okay on input line 55.
LaTeX Font Info:    Checking defaults for TS1/cmr/m/n on input line 55.
LaTeX Font Info:    ... okay on input line 55.
LaTeX Font Info:    Checking defaults for OMX/cmex/m/n on input line 55.
LaTeX Font Info:    ... okay on input line 55.
LaTeX Font Info:    Checking defaults for U/cmr/m/n on input line 55.
LaTeX Font Info:    ... okay on input line 55.
LaTeX Font Info:    Checking defaults for PD1/pdf/m/n on input line 55.
LaTeX Font Info:    ... okay on input line 55.
LaTeX Font Info:    Checking defaults for PU/pdf/m/n on input line 55.
LaTeX Font Info:    ... okay on input line 55.
 (/usr/local/texlive/2022/texmf-dist/tex/context/base/mkii/supp-pdf.mkii
[Loading MPS to PDF converter (version 2006.09.02).]
\scratchcounter=\count393
\scratchdimen=\dimen378
\scratchbox=\box131
\nofMPsegments=\count394
\nofMParguments=\count395
\everyMPshowfont=\toks52
\MPscratchCnt=\count396
\MPscratchDim=\dimen379
\MPnumerator=\count397
\makeMPintoPDFobject=\count398
\everyMPtoPDFconversion=\toks53
) (/usr/local/texlive/2022/texmf-dist/tex/latex/epstopdf-pkg/epstopdf-base.sty
Package: epstopdf-base 2020-01-24 v2.11 Base part for package epstopdf
Package epstopdf-base Info: Redefining graphics rule for `.eps' on input line 485.
 (/usr/local/texlive/2022/texmf-dist/tex/latex/latexconfig/epstopdf-sys.cfg
File: epstopdf-sys.cfg 2010/07/13 v1.3 Configuration of (r)epstopdf for TeX Live
)) (/usr/local/texlive/2022/texmf-dist/tex/latex/pdflscape/pdflscape.sty
Package: pdflscape 2019/12/05 v0.12 Display of landscape pages in PDF (HO)
 (/usr/local/texlive/2022/texmf-dist/tex/latex/graphics/lscape.sty
Package: lscape 2020/05/28 v3.02 Landscape Pages (DPC)
)
Package pdflscape Info: Auto-detected driver: pdftex on input line 81.
)
*geometry* driver: auto-detecting
*geometry* detected driver: pdftex
*geometry* verbose mode - [ preamble ] result:
* driver: pdftex
* paper: custom
* layout: <same size as paper>
* layoutoffset:(h,v)=(0.0pt,0.0pt)
* modes: 
* h-part:(L,W,R)=(113.81102pt, 398.3386pt, 85.35826pt)
* v-part:(T,H,B)=(113.81102pt, 645.87747pt, 85.35826pt)
* \paperwidth=597.50787pt
* \paperheight=845.04675pt
* \textwidth=398.3386pt
* \textheight=645.87747pt
* \oddsidemargin=41.54103pt
* \evensidemargin=41.54103pt
* \topmargin=4.54103pt
* \headheight=12.0pt
* \headsep=25.0pt
* \topskip=5.4pt
* \footskip=42.67912pt
* \marginparwidth=44.0pt
* \marginparsep=10.0pt
* \columnsep=10.0pt
* \skip\footins=10.8pt plus 4.0pt minus 2.0pt
* \hoffset=0.0pt
* \voffset=0.0pt
* \mag=1000
* \@twocolumnfalse
* \@twosidefalse
* \@mparswitchfalse
* \@reversemarginfalse
* (1in=72.27pt=25.4mm, 1cm=28.453pt)

Package caption Info: Begin \AtBeginDocument code.
Package caption Info: float package is loaded.
Package caption Info: hyperref package is loaded.
Package caption Info: listings package is loaded.
Package caption Info: longtable package is loaded.
(/usr/local/texlive/2022/texmf-dist/tex/latex/caption/ltcaption.sty
Package: ltcaption 2021/01/08 v1.4c longtable captions (AR)
)
Package caption Info: End \AtBeginDocument code.
\c@lstlisting=\count399
 (/usr/local/texlive/2022/texmf-dist/tex/latex/upquote/upquote.sty
Package: upquote 2012/04/19 v1.3 upright-quote and grave-accent glyphs in verbatim
)
LaTeX Font Info:    Trying to load font information for T1+zi4 on input line 55.
 (/usr/local/texlive/2022/texmf-dist/tex/latex/inconsolata/t1zi4.fd
File: t1zi4.fd 2018/01/14 T1/zi4 (Inconsolata)
)
LaTeX Font Info:    Font shape `T1/zi4/m/n' will be
(Font)              scaled to size 12.0pt on input line 55.


LaTeX Font Warning: Font shape `T1/zi4/m/it' undefined
(Font)              using `T1/zi4/m/n' instead on input line 55.


LaTeX Font Warning: Font shape `T1/zi4/m/sl' undefined
(Font)              using `T1/zi4/m/it' instead on input line 55.

LaTeX Font Info:    Font shape `T1/zi4/m/it' will be
(Font)              scaled to size 12.0pt on input line 55.
LaTeX Font Info:    Font shape `T1/zi4/m/scit' will be
(Font)              scaled to size 12.0pt on input line 55.
LaTeX Font Info:    Font shape `T1/zi4/b/n' will be
(Font)              scaled to size 12.0pt on input line 55.

LaTeX Font Warning: Font shape `T1/zi4/b/it' undefined
(Font)              using `T1/zi4/b/n' instead on input line 55.


LaTeX Font Warning: Font shape `T1/zi4/b/sl' undefined
(Font)              using `T1/zi4/b/it' instead on input line 55.

LaTeX Font Info:    Font shape `T1/zi4/b/it' will be
(Font)              scaled to size 12.0pt on input line 55.
LaTeX Font Info:    Font shape `T1/zi4/b/scit' will be
(Font)              scaled to size 12.0pt on input line 55.
LaTeX Font Info:    Font shape `T1/zi4/bx/n' in size <12> not available
(Font)              Font shape `T1/zi4/b/n' tried instead on input line 55.
LaTeX Font Info:    Font shape `T1/zi4/b/n' will be
(Font)              scaled to size 12.0pt on input line 55.

LaTeX Font Warning: Font shape `T1/zi4/bx/it' undefined
(Font)              using `T1/zi4/bx/n' instead on input line 55.


LaTeX Font Warning: Font shape `T1/zi4/bx/sl' undefined
(Font)              using `T1/zi4/bx/it' instead on input line 55.

LaTeX Font Info:    Font shape `T1/zi4/bx/it' in size <12> not available
(Font)              Font shape `T1/zi4/b/n' tried instead on input line 55.
LaTeX Font Info:    Font shape `T1/zi4/b/n' will be
(Font)              scaled to size 12.0pt on input line 55.
LaTeX Font Info:    Font shape `T1/zi4/bx/scit' in size <12> not available
(Font)              Font shape `T1/zi4/b/scit' tried instead on input line 55.
LaTeX Font Info:    Font shape `T1/zi4/b/scit' will be
(Font)              scaled to size 12.0pt on input line 55.

LaTeX Font Warning: Font shape `T1/zi4/sbx/scit' undefined
(Font)              using `T1/zi4/sb/scit' instead on input line 55.


LaTeX Font Warning: Font shape `T1/zi4/sb/n' undefined
(Font)              using `T1/zi4/m/n' instead on input line 55.


LaTeX Font Warning: Font shape `T1/zi4/sb/it' undefined
(Font)              using `T1/zi4/sb/n' instead on input line 55.

LaTeX Font Info:    Font shape `T1/zi4/sb/n' will be
(Font)              scaled to size 12.0pt on input line 55.

LaTeX Font Warning: Font shape `T1/zi4/sb/sl' undefined
(Font)              using `T1/zi4/sb/it' instead on input line 55.

LaTeX Font Info:    Font shape `T1/zi4/sb/it' will be
(Font)              scaled to size 12.0pt on input line 55.

LaTeX Font Warning: Font shape `T1/zi4/sb/scit' undefined
(Font)              using `T1/zi4/sb/sc' instead on input line 55.


LaTeX Font Warning: Font shape `T1/zi4/sb/sc' undefined
(Font)              using `T1/zi4/sb/n' instead on input line 55.


LaTeX Font Warning: Font shape `T1/zi4/sbc/sc' undefined
(Font)              using `T1/zi4/c/sc' instead on input line 55.


LaTeX Font Warning: Font shape `T1/zi4/c/n' undefined
(Font)              using `T1/zi4/m/n' instead on input line 55.


LaTeX Font Warning: Font shape `T1/zi4/c/it' undefined
(Font)              using `T1/zi4/c/n' instead on input line 55.

LaTeX Font Info:    Font shape `T1/zi4/c/n' will be
(Font)              scaled to size 12.0pt on input line 55.

LaTeX Font Warning: Font shape `T1/zi4/c/sl' undefined
(Font)              using `T1/zi4/c/it' instead on input line 55.

LaTeX Font Info:    Font shape `T1/zi4/c/it' will be
(Font)              scaled to size 12.0pt on input line 55.

LaTeX Font Warning: Font shape `T1/zi4/c/scit' undefined
(Font)              using `T1/zi4/c/sc' instead on input line 55.


LaTeX Font Warning: Font shape `T1/zi4/c/sc' undefined
(Font)              using `T1/zi4/c/n' instead on input line 55.


LaTeX Font Warning: Font shape `T1/zi4/lc/sc' undefined
(Font)              using `T1/zi4/l/sc' instead on input line 55.


LaTeX Font Warning: Font shape `T1/zi4/l/n' undefined
(Font)              using `T1/zi4/m/n' instead on input line 55.


LaTeX Font Warning: Font shape `T1/zi4/l/it' undefined
(Font)              using `T1/zi4/l/n' instead on input line 55.

LaTeX Font Info:    Font shape `T1/zi4/l/n' will be
(Font)              scaled to size 12.0pt on input line 55.

LaTeX Font Warning: Font shape `T1/zi4/l/sl' undefined
(Font)              using `T1/zi4/l/it' instead on input line 55.

LaTeX Font Info:    Font shape `T1/zi4/l/it' will be
(Font)              scaled to size 12.0pt on input line 55.

LaTeX Font Warning: Font shape `T1/zi4/l/scit' undefined
(Font)              using `T1/zi4/l/sc' instead on input line 55.


LaTeX Font Warning: Font shape `T1/zi4/l/sc' undefined
(Font)              using `T1/zi4/l/n' instead on input line 55.


LaTeX Font Warning: Font shape `T1/zi4/m/ui' undefined
(Font)              using `T1/zi4/m/n' instead on input line 55.


LaTeX Font Warning: Font shape `T1/zi4/bx/ui' undefined
(Font)              using `T1/zi4/bx/n' instead on input line 55.


LaTeX Font Warning: Font shape `T1/zi4/m/In' undefined
(Font)              using `T1/zi4/m/n' instead on input line 55.

Package pgfplots notification 'compat/show suggested version=true': you might benefit from \pgfplotsset{compat=1.18} (current compat level: 1.16).

Package hyperref Info: Link coloring OFF on input line 55.
(/usr/local/texlive/2022/texmf-dist/tex/latex/hyperref/nameref.sty
Package: nameref 2021-04-02 v2.47 Cross-referencing by name of section
 (/usr/local/texlive/2022/texmf-dist/tex/latex/refcount/refcount.sty
Package: refcount 2019/12/15 v3.6 Data extraction from label references (HO)
) (/usr/local/texlive/2022/texmf-dist/tex/generic/gettitlestring/gettitlestring.sty
Package: gettitlestring 2019/12/15 v1.6 Cleanup title references (HO)
)
\c@section@level=\count400
)
LaTeX Info: Redefining \ref on input line 55.
LaTeX Info: Redefining \pageref on input line 55.
LaTeX Info: Redefining \nameref on input line 55.

Package chemgreek Info: Activating mapping `default' on line 55.

 (/usr/local/texlive/2022/texmf-dist/tex/latex/ninecolors/ninecolors.sty
Package: ninecolors 2022-02-13 vv2022D Select colors with proper color contrast
)
*geometry* verbose mode - [ newgeometry ] result:
* driver: pdftex
* paper: custom
* layout: <same size as paper>
* layoutoffset:(h,v)=(0.0pt,0.0pt)
* modes: 
* h-part:(L,W,R)=(91.04872pt, 443.86319pt, 62.59596pt)
* v-part:(T,H,B)=(113.81102pt, 645.87747pt, 85.35826pt)
* \paperwidth=597.50787pt
* \paperheight=845.04675pt
* \textwidth=443.86319pt
* \textheight=645.87747pt
* \oddsidemargin=18.77873pt
* \evensidemargin=18.77873pt
* \topmargin=4.54103pt
* \headheight=12.0pt
* \headsep=25.0pt
* \topskip=5.4pt
* \footskip=42.67912pt
* \marginparwidth=44.0pt
* \marginparsep=10.0pt
* \columnsep=10.0pt
* \skip\footins=10.8pt plus 4.0pt minus 2.0pt
* \hoffset=0.0pt
* \voffset=0.0pt
* \mag=1000
* \@twocolumnfalse
* \@twosidefalse
* \@mparswitchfalse
* \@reversemarginfalse
* (1in=72.27pt=25.4mm, 1cm=28.453pt)

<sample/logougm.png, id=7, 110.5731pt x 112.2594pt>
File: sample/logougm.png Graphic file (type png)
<use sample/logougm.png>
Package pdftex.def Info: sample/logougm.png  used on input line 65.
(pdftex.def)             Requested size: 221.9316pt x 225.33699pt.
 [1


{/usr/local/texlive/2022/texmf-var/fonts/map/pdftex/updmap/pdftex.map} <./sample/logougm.png>]
LaTeX Font Info:    External font `cmex10' loaded for size
(Font)              <12> on input line 74.
LaTeX Font Info:    External font `cmex10' loaded for size
(Font)              <8> on input line 74.
LaTeX Font Info:    External font `cmex10' loaded for size
(Font)              <6> on input line 74.

Overfull \hbox (1.7611pt too wide) in paragraph at lines 74--74
 [] 
 []

[2

]
*geometry* verbose mode - [ newgeometry ] result:
* driver: pdftex
* paper: custom
* layout: <same size as paper>
* layoutoffset:(h,v)=(0.0pt,0.0pt)
* modes: 
* h-part:(L,W,R)=(85.35826pt, 426.79135pt, 85.35826pt)
* v-part:(T,H,B)=(85.35826pt, 674.33023pt, 85.35826pt)
* \paperwidth=597.50787pt
* \paperheight=845.04675pt
* \textwidth=426.79135pt
* \textheight=674.33023pt
* \oddsidemargin=13.08827pt
* \evensidemargin=13.08827pt
* \topmargin=-23.91173pt
* \headheight=12.0pt
* \headsep=25.0pt
* \topskip=5.4pt
* \footskip=42.67912pt
* \marginparwidth=44.0pt
* \marginparsep=10.0pt
* \columnsep=10.0pt
* \skip\footins=10.8pt plus 4.0pt minus 2.0pt
* \hoffset=0.0pt
* \voffset=0.0pt
* \mag=1000
* \@twocolumnfalse
* \@twosidefalse
* \@mparswitchfalse
* \@reversemarginfalse
* (1in=72.27pt=25.4mm, 1cm=28.453pt)

 (./contents/dedication/dedication.tex) [3


]
*geometry* verbose mode - [ newgeometry ] result:
* driver: pdftex
* paper: custom
* layout: <same size as paper>
* layoutoffset:(h,v)=(0.0pt,0.0pt)
* modes: 
* h-part:(L,W,R)=(85.35826pt, 426.79135pt, 85.35826pt)
* v-part:(T,H,B)=(85.35826pt, 674.33023pt, 85.35826pt)
* \paperwidth=597.50787pt
* \paperheight=845.04675pt
* \textwidth=426.79135pt
* \textheight=674.33023pt
* \oddsidemargin=13.08827pt
* \evensidemargin=13.08827pt
* \topmargin=-23.91173pt
* \headheight=12.0pt
* \headsep=25.0pt
* \topskip=5.4pt
* \footskip=42.67912pt
* \marginparwidth=44.0pt
* \marginparsep=10.0pt
* \columnsep=10.0pt
* \skip\footins=10.8pt plus 4.0pt minus 2.0pt
* \hoffset=0.0pt
* \voffset=0.0pt
* \mag=1000
* \@twocolumnfalse
* \@twosidefalse
* \@mparswitchfalse
* \@reversemarginfalse
* (1in=72.27pt=25.4mm, 1cm=28.453pt)

 (./contents/statement/statement.tex) [4


] (./contents/preface/preface.tex [5


]) [6] (./contents/nomenclature/nomenclature.tex)
Overfull \hbox (1.95609pt too wide) in paragraph at lines 2--95
[][]  []
 []


Underfull \hbox (badness 10000) in paragraph at lines 2--95

 []

[7

] (./contents/abstract/abstract.tex) [8

] (./contents/abstract/intisari.tex) [9

] (./thesis_template.toc [10] [11])
\tf@toc=\write4
\openout4 = `thesis_template.toc'.

 [12] (./thesis_template.lof
Overfull \hbox (2.21854pt too wide) in paragraph at lines 23--23
 [][] [][]\T1/ptm/m/n/12 Isyarat yang Di-gu-nak-an oleh Teseo-LIV3FL Se-he-lum Kon- 
 []


Overfull \hbox (1.7742pt too wide) in paragraph at lines 32--32
 [][] [][]\T1/ptm/m/n/12 Pembacaan Mul-ti-me-ter pa-da Mo-de Aku-i-si-si (Ki-ri) dan Mo- 
 []

[13])
\tf@lof=\write5
\openout5 = `thesis_template.lof'.

 [14] (./thesis_template.lot)
\tf@lot=\write6
\openout6 = `thesis_template.lot'.

 [15]
\openout2 = `contents/chapter-1/chapter-1.aux'.

 (./contents/chapter-1/chapter-1.tex
BAB I.
[1



] [2] [3]) [4]
\openout2 = `contents/chapter-2/chapter-2.aux'.

 (./contents/chapter-2/chapter-2.tex
BAB II.

Overfull \hbox (1.0155pt too wide) in paragraph at lines 8--9
[]\T1/ptm/m/n/12 Sebuah sis-tem \T1/ptm/m/it/12 spe-e-do-me-ter \T1/ptm/m/n/12 te-lah di-ran-cang oleh [[]14[]]. Sis-tem ter-se-but meng-
 []

[5




] [6]
<contents/chapter-2/gnss_segment.jpg, id=463, 563.10374pt x 409.53pt>
File: contents/chapter-2/gnss_segment.jpg Graphic file (type jpg)
<use contents/chapter-2/gnss_segment.jpg>
Package pdftex.def Info: contents/chapter-2/gnss_segment.jpg  used on input line 40.
(pdftex.def)             Requested size: 227.62204pt x 165.54004pt.
 [7] [8 <./contents/chapter-2/gnss_segment.jpg>]
<contents/chapter-2/alt-comp.png, id=485, 529.7391pt x 333.1647pt>
File: contents/chapter-2/alt-comp.png Graphic file (type png)
<use contents/chapter-2/alt-comp.png>
Package pdftex.def Info: contents/chapter-2/alt-comp.png  used on input line 74.
(pdftex.def)             Requested size: 284.52756pt x 178.95052pt.
 [9 <./contents/chapter-2/alt-comp.png>]
Overfull \hbox (0.22386pt too wide) in paragraph at lines 91--92
[]\T1/ptm/m/n/12 Trilaterasi ada-lah pro-ses me-nen-tuk-an po-si-si ber-da-sark-an ja-rak de-ngan meng-
 []

<contents/chapter-2/trilaterasi.png, id=498, 438.63875pt x 397.485pt>
File: contents/chapter-2/trilaterasi.png Graphic file (type png)
<use contents/chapter-2/trilaterasi.png>
Package pdftex.def Info: contents/chapter-2/trilaterasi.png  used on input line 95.
(pdftex.def)             Requested size: 227.62204pt x 206.26883pt.
[10] [11 <./contents/chapter-2/trilaterasi.png>] [12]
<contents/chapter-2/gnss_msg_structure.png, id=529, 944.52875pt x 586.19pt>
File: contents/chapter-2/gnss_msg_structure.png Graphic file (type png)
<use contents/chapter-2/gnss_msg_structure.png>
Package pdftex.def Info: contents/chapter-2/gnss_msg_structure.png  used on input line 197.
(pdftex.def)             Requested size: 369.88582pt x 229.5613pt.
 [13 <./contents/chapter-2/gnss_msg_structure.png>] [14]
<contents/chapter-2/acc.png, id=545, 794.97pt x 794.97pt>
File: contents/chapter-2/acc.png Graphic file (type png)
<use contents/chapter-2/acc.png>
Package pdftex.def Info: contents/chapter-2/acc.png  used on input line 219.
(pdftex.def)             Requested size: 341.43306pt x 341.44228pt.
 [15 <./contents/chapter-2/acc.png>] [16]
Overfull \hbox (0.8251pt too wide) in paragraph at lines 272--273
[]\T1/ptm/b/it/12 Vertical Di-lu-tion of Pre-ci-sion \T1/ptm/b/n/12 (VDOP)\T1/ptm/m/n/12 : Men-desk-ri-psik-an efek da-ri ni-lai DOP
 []

[17] [18] [19]
<contents/chapter-2/stm-32-groups.png, id=602, 632.3625pt x 700.6175pt>
File: contents/chapter-2/stm-32-groups.png Graphic file (type png)
<use contents/chapter-2/stm-32-groups.png>
Package pdftex.def Info: contents/chapter-2/stm-32-groups.png  used on input line 347.
(pdftex.def)             Requested size: 312.9803pt x 346.76932pt.
 [20] [21 <./contents/chapter-2/stm-32-groups.png>]
<contents/chapter-2/stm32-wl55jc1.jpg, id=618, 427.5975pt x 685.56125pt>
File: contents/chapter-2/stm32-wl55jc1.jpg Graphic file (type jpg)
<use contents/chapter-2/stm32-wl55jc1.jpg>
Package pdftex.def Info: contents/chapter-2/stm32-wl55jc1.jpg  used on input line 379.
(pdftex.def)             Requested size: 142.26378pt x 228.08746pt.
 [22]
<contents/chapter-2/stlink-in-wl55.jpg, id=631, 4047.12pt x 3035.34pt>
File: contents/chapter-2/stlink-in-wl55.jpg Graphic file (type jpg)
<use contents/chapter-2/stlink-in-wl55.jpg>
Package pdftex.def Info: contents/chapter-2/stlink-in-wl55.jpg  used on input line 395.
(pdftex.def)             Requested size: 284.52756pt x 213.3755pt.
 [23 <./contents/chapter-2/stm32-wl55jc1.jpg (PNG copy)>]
<contents/chapter-2/stm32-ide.png, id=640, 1440.38126pt x 1002.74625pt>
File: contents/chapter-2/stm32-ide.png Graphic file (type png)
<use contents/chapter-2/stm32-ide.png>
Package pdftex.def Info: contents/chapter-2/stm32-ide.png  used on input line 415.
(pdftex.def)             Requested size: 341.43306pt x 237.68039pt.
 [24 <./contents/chapter-2/stlink-in-wl55.jpg>]
<contents/chapter-2/stm32-mx.png, id=649, 1440.38126pt x 1002.74625pt>
File: contents/chapter-2/stm32-mx.png Graphic file (type png)
<use contents/chapter-2/stm32-mx.png>
Package pdftex.def Info: contents/chapter-2/stm32-mx.png  used on input line 424.
(pdftex.def)             Requested size: 341.43306pt x 237.68039pt.
 [25 <./contents/chapter-2/stm32-ide.png>]
<contents/chapter-2/teseo_pinout.png, id=656, 749.80125pt x 290.08376pt>
File: contents/chapter-2/teseo_pinout.png Graphic file (type png)
<use contents/chapter-2/teseo_pinout.png>
Package pdftex.def Info: contents/chapter-2/teseo_pinout.png  used on input line 438.
(pdftex.def)             Requested size: 369.88582pt x 143.10278pt.
 [26 <./contents/chapter-2/stm32-mx.png>]
<contents/chapter-2/teseo-suite.jpeg, id=664, 1501.86093pt x 852.93657pt>
File: contents/chapter-2/teseo-suite.jpeg Graphic file (type jpg)
<use contents/chapter-2/teseo-suite.jpeg>
Package pdftex.def Info: contents/chapter-2/teseo-suite.jpeg  used on input line 452.
(pdftex.def)             Requested size: 369.88582pt x 210.05801pt.
 [27 <./contents/chapter-2/teseo_pinout.png>]
<contents/chapter-2/patch-antena.jpg, id=672, 853.1875pt x 385.44pt>
File: contents/chapter-2/patch-antena.jpg Graphic file (type jpg)
<use contents/chapter-2/patch-antena.jpg>
Package pdftex.def Info: contents/chapter-2/patch-antena.jpg  used on input line 464.
(pdftex.def)             Requested size: 341.43306pt x 154.24973pt.
 [28 <./contents/chapter-2/teseo-suite.jpeg>]
<contents/chapter-2/uart-format.png, id=684, 670.505pt x 324.21124pt>
File: contents/chapter-2/uart-format.png Graphic file (type png)
<use contents/chapter-2/uart-format.png>
Package pdftex.def Info: contents/chapter-2/uart-format.png  used on input line 480.
(pdftex.def)             Requested size: 341.43306pt x 165.09325pt.
 [29 <./contents/chapter-2/patch-antena.jpg>] [30 <./contents/chapter-2/uart-format.png>] [31]
Overfull \hbox (2.76851pt too wide) in paragraph at lines 507--508
[]\T1/ptm/m/n/12 PyNMEA2 me-mi-li-ki ke-mam-pu-an un-tuk me-la-kuk-an pe-ngu-ra-i-an ter-ha-dap ber-
 []

) [32]
\openout2 = `contents/chapter-3/chapter-3.aux'.

 (./contents/chapter-3/chapter-3.tex
BAB III.
[33




]
<contents/chapter-3/diagram-alir-penelitian.png, id=721, 619.113pt x 936.3783pt>
File: contents/chapter-3/diagram-alir-penelitian.png Graphic file (type png)
<use contents/chapter-3/diagram-alir-penelitian.png>
Package pdftex.def Info: contents/chapter-3/diagram-alir-penelitian.png  used on input line 41.
(pdftex.def)             Requested size: 298.75394pt x 451.85686pt.
 [34] [35 <./contents/chapter-3/diagram-alir-penelitian.png>]
<contents/chapter-3/system-overview.png, id=738, 474.573pt x 549.9747pt>
File: contents/chapter-3/system-overview.png Graphic file (type png)
<use contents/chapter-3/system-overview.png>
Package pdftex.def Info: contents/chapter-3/system-overview.png  used on input line 54.
(pdftex.def)             Requested size: 256.0748pt x 296.76372pt.

Overfull \hbox (11.08374pt too wide) in paragraph at lines 61--62
[]\T1/ptm/m/n/12 Komunikasi an-ta-ra mo-dul Teseo-LIV3FL dan mik-ro-kon-tro-ler di-la-kuk-an meng-
 []

[36 <./contents/chapter-3/system-overview.png>]
<contents/chapter-3/purwarupa.jpg, id=744, 2853.66125pt x 2139.995pt>
File: contents/chapter-3/purwarupa.jpg Graphic file (type jpg)
<use contents/chapter-3/purwarupa.jpg>
Package pdftex.def Info: contents/chapter-3/purwarupa.jpg  used on input line 72.
(pdftex.def)             Requested size: 256.0748pt x 192.00348pt.

Overfull \hbox (7.05423pt too wide) in paragraph at lines 78--79
\T1/ptm/m/n/12 sa-tu ele-men pen-ting yang ha-rus di-per-ha-tik-an. Kon-fi-gu-ra-si pa-da mo-dul Teseo-LIV3FL
 []

[37 <./contents/chapter-3/purwarupa.jpg>]
Overfull \hbox (1.71252pt too wide) in paragraph at lines 91--92
[]\T1/ptm/m/n/12 Keunggulan da-ri peng-gu-na-an \T1/ptm/m/it/12 multi-constellation \T1/ptm/m/n/12 pa-da mo-dul Teseo-LIV3FL
 []


Overfull \hbox (8.39651pt too wide) in paragraph at lines 93--94
[]\T1/ptm/m/n/12 Untuk me-mu-dahk-an pro-ses kon-fi-gu-ra-si kon-ste-la-si pa-da mo-dul Teseo-LIV3FL,
 []

[38]
<contents/chapter-3/setting-konstelasi/sebelum-konfigurasi.png, id=759, 864.98157pt x 268.00125pt>
File: contents/chapter-3/setting-konstelasi/sebelum-konfigurasi.png Graphic file (type png)
<use contents/chapter-3/setting-konstelasi/sebelum-konfigurasi.png>
Package pdftex.def Info: contents/chapter-3/setting-konstelasi/sebelum-konfigurasi.png  used on input line 97.
(pdftex.def)             Requested size: 398.33858pt x 123.417pt.
<contents/chapter-3/setting-konstelasi/pilih-konfigurasi.png, id=761, 623.32875pt x 581.17125pt>
File: contents/chapter-3/setting-konstelasi/pilih-konfigurasi.png Graphic file (type png)
<use contents/chapter-3/setting-konstelasi/pilih-konfigurasi.png>
Package pdftex.def Info: contents/chapter-3/setting-konstelasi/pilih-konfigurasi.png  used on input line 106.
(pdftex.def)             Requested size: 284.52756pt x 265.28465pt.
 [39 <./contents/chapter-3/setting-konstelasi/sebelum-konfigurasi.png>]
Overfull \hbox (2.82767pt too wide) in paragraph at lines 121--122
[]\T1/ptm/m/n/12 Terdapat dua CDB yang ak-an di-kon-fi-gu-ra-sik-an, ya-i-tu CDB-ID 200 dan CDB-
 []

<contents/chapter-3/setting-konstelasi/kirim-konfigurasi.png, id=768, 785.93625pt x 732.7375pt>
File: contents/chapter-3/setting-konstelasi/kirim-konfigurasi.png Graphic file (type png)
<use contents/chapter-3/setting-konstelasi/kirim-konfigurasi.png>
Package pdftex.def Info: contents/chapter-3/setting-konstelasi/kirim-konfigurasi.png  used on input line 125.
(pdftex.def)             Requested size: 284.52756pt x 265.27232pt.
[40 <./contents/chapter-3/setting-konstelasi/pilih-konfigurasi.png>]
Overfull \hbox (0.63248pt too wide) in paragraph at lines 130--131
[]\T1/ptm/m/n/12 Setelah ber-ha-sil meng-ung-gah kon-fi-gu-ra-si yang te-lah di-bu-at se-be-lum-nya, mo-
 []

<contents/chapter-3/setting-konstelasi/setelah-konfigurasi.png, id=776, 862.72313pt x 264.23718pt>
File: contents/chapter-3/setting-konstelasi/setelah-konfigurasi.png Graphic file (type png)
<use contents/chapter-3/setting-konstelasi/setelah-konfigurasi.png>
Package pdftex.def Info: contents/chapter-3/setting-konstelasi/setelah-konfigurasi.png  used on input line 134.
(pdftex.def)             Requested size: 398.33858pt x 122.00215pt.
[41 <./contents/chapter-3/setting-konstelasi/kirim-konfigurasi.png> <./contents/chapter-3/setting-konstelasi/setelah-konfigurasi.png>]
<contents/chapter-3/firmware-diagram.png, id=784, 330.9966pt x 439.4016pt>
File: contents/chapter-3/firmware-diagram.png Graphic file (type png)
<use contents/chapter-3/firmware-diagram.png>
Package pdftex.def Info: contents/chapter-3/firmware-diagram.png  used on input line 150.
(pdftex.def)             Requested size: 179.25244pt x 237.9639pt.
 [42 <./contents/chapter-3/firmware-diagram.png>]
> Step: init table outer spec.
> Step: parse table options.
> Step: split table.
> Step: init table inner spec.
> Step: parse table inner spec.
> Step: execute table commands.
> Step: calculate cell and line sizes.

Underfull \hbox (badness 3009) in paragraph at lines 183--183
[][]\T1/ptm/m/n/12 ID sa-te-lit yang di-gu-nak-an (ko-song ji-ka da-lam mo-de \T1/ptm/m/it/12 multi-
 []


Underfull \hbox (badness 3009) in paragraph at lines 183--183
[][]\T1/ptm/m/n/12 ID sa-te-lit yang di-gu-nak-an (ko-song ji-ka da-lam mo-de \T1/ptm/m/it/12 multi-
 []

> Step: build the whole table.

Underfull \hbox (badness 3009) in paragraph at lines 183--183
[][]\T1/ptm/m/n/12 ID sa-te-lit yang di-gu-nak-an (ko-song ji-ka da-lam mo-de \T1/ptm/m/it/12 multi-
 []


Underfull \hbox (badness 3009) in paragraph at lines 183--183
[][]\T1/ptm/m/n/12 ID sa-te-lit yang di-gu-nak-an (ko-song ji-ka da-lam mo-de \T1/ptm/m/it/12 multi-
 []

> Step: init table outer spec.
> Step: parse table options.
> Step: split table.
> Step: init table inner spec.
> Step: parse table inner spec.
> Step: execute table commands.
> Step: calculate cell and line sizes.
> Step: build the whole table.
[43]
<contents/chapter-3/diagram-parser.png, id=798, 367.1316pt x 737.6358pt>
File: contents/chapter-3/diagram-parser.png Graphic file (type png)
<use contents/chapter-3/diagram-parser.png>
Package pdftex.def Info: contents/chapter-3/diagram-parser.png  used on input line 246.
(pdftex.def)             Requested size: 184.9429pt x 371.58582pt.
 [44] [45 <./contents/chapter-3/diagram-parser.png>] [46] (/usr/local/texlive/2022/texmf-dist/tex/latex/listings/lstlang1.sty
File: lstlang1.sty 2020/03/24 1.8d listings language file
) (/usr/local/texlive/2022/texmf-dist/tex/latex/listings/lstmisc.sty
File: lstmisc.sty 2020/03/24 1.8d (Carsten Heinz)
)
Overfull \hbox (5.2406pt too wide) in paragraph at lines 265--266
[]\T1/ptm/m/n/12 Berikut ada-lah po-tong-an ko-de sum-ber yang me-nun-jukk-an im-ple-men-ta-si fung-
 []

[47] [48] [49] [50] [51]
<contents/chapter-3/geofence-map.png, id=909, 1454.43375pt x 925.4575pt>
File: contents/chapter-3/geofence-map.png Graphic file (type png)
<use contents/chapter-3/geofence-map.png>
Package pdftex.def Info: contents/chapter-3/geofence-map.png  used on input line 390.
(pdftex.def)             Requested size: 341.43306pt x 217.25659pt.
 [52 <./contents/chapter-3/geofence-map.png>] [53] [54] [55] [56] [57] (/usr/local/texlive/2022/texmf-dist/tex/latex/listings/lstlang1.sty
File: lstlang1.sty 2020/03/24 1.8d listings language file
) [58]
Overfull \hbox (14.21606pt too wide) in paragraph at lines 561--562
[]\T1/ptm/m/n/12 Pada ta-hap pe-ngo-lah-an da-ta un-tuk me-li-hat ke-te-li-ti-an da-ri mo-dul Teseo-LIV3FL,
 []

[59] [60] [61] [62]) [63]
\openout2 = `contents/chapter-4/chapter-4.aux'.

 (./contents/chapter-4/chapter-4.tex
BAB IV.
[64




]
<contents/chapter-4/low-power.jpg, id=1143, 4047.12pt x 3035.34pt>
File: contents/chapter-4/low-power.jpg Graphic file (type jpg)
<use contents/chapter-4/low-power.jpg>
Package pdftex.def Info: contents/chapter-4/low-power.jpg  used on input line 22.
(pdftex.def)             Requested size: 284.52756pt x 213.3755pt.

Overfull \hbox (3.28415pt too wide) in paragraph at lines 29--30
[]\T1/ptm/m/n/12 Perintah $PS-TM-LO-WPO-WE-RO-NO-FF di-gu-nak-an un-tuk meng-en-da-lik-an mo-
 []

[65 <./contents/chapter-4/low-power.jpg>]
> Step: init table outer spec.
> Step: parse table options.
> Step: split table.
> Step: init table inner spec.
> Step: parse table inner spec.
> Step: execute table commands.
> Step: calculate cell and line sizes.

Overfull \hbox (6.18886pt too wide) in paragraph at lines 94--94
 [][]\T1/ptm/b/n/12 Nilai[] 
 []


Overfull \hbox (6.18886pt too wide) in paragraph at lines 94--94
 [][]\T1/ptm/b/n/12 Nilai[] 
 []


Overfull \hbox (6.18886pt too wide) in paragraph at lines 94--94
 [][]\T1/ptm/b/n/12 Nilai[] 
 []


Overfull \hbox (6.18886pt too wide) in paragraph at lines 94--94
 [][]\T1/ptm/b/n/12 Nilai[] 
 []

> Step: build the whole table.

Overfull \hbox (6.18886pt too wide) in paragraph at lines 94--94
 [][]\T1/ptm/b/n/12 Nilai[] 
 []


Overfull \hbox (6.18886pt too wide) in paragraph at lines 94--94
 [][]\T1/ptm/b/n/12 Nilai[] 
 []

[66]
Overfull \hbox (7.3169pt too wide) in paragraph at lines 96--97
[]\T1/ptm/m/n/12 Hasil pe-ngu-kur-an me-nun-jukk-an bah-wa arus yang meng-a-lir pa-da mo-dul Teseo-
 []

<contents/chapter-4/low-power-result.jpg, id=1153, 6678.9525pt x 2409.0pt>
File: contents/chapter-4/low-power-result.jpg Graphic file (type jpg)
<use contents/chapter-4/low-power-result.jpg>
Package pdftex.def Info: contents/chapter-4/low-power-result.jpg  used on input line 101.
(pdftex.def)             Requested size: 398.33858pt x 143.65157pt.
[67] [68 <./contents/chapter-4/low-power-result.jpg>]
<contents/chapter-4/1-skenario-basement/keadaan.jpg, id=1172, 4047.12pt x 3035.34pt>
File: contents/chapter-4/1-skenario-basement/keadaan.jpg Graphic file (type jpg)
<use contents/chapter-4/1-skenario-basement/keadaan.jpg>
Package pdftex.def Info: contents/chapter-4/1-skenario-basement/keadaan.jpg  used on input line 125.
(pdftex.def)             Requested size: 284.52756pt x 213.3755pt.
<contents/chapter-4/1-skenario-basement/distribution.png, id=1173, 498.4221pt x 216.0873pt>
File: contents/chapter-4/1-skenario-basement/distribution.png Graphic file (type png)
<use contents/chapter-4/1-skenario-basement/distribution.png>
Package pdftex.def Info: contents/chapter-4/1-skenario-basement/distribution.png  used on input line 133.
(pdftex.def)             Requested size: 498.42088pt x 216.08676pt.
 [69 <./contents/chapter-4/1-skenario-basement/keadaan.jpg>] [70 <./contents/chapter-4/1-skenario-basement/distribution.png>]
<contents/chapter-4/1-skenario-basement/skyplot.png, id=1188, 340.3917pt x 297.5115pt>
File: contents/chapter-4/1-skenario-basement/skyplot.png Graphic file (type png)
<use contents/chapter-4/1-skenario-basement/skyplot.png>
Package pdftex.def Info: contents/chapter-4/1-skenario-basement/skyplot.png  used on input line 168.
(pdftex.def)             Requested size: 312.9803pt x 273.56409pt.
<contents/chapter-4/1-skenario-basement/sats_dop.png, id=1189, 388.0899pt x 614.5359pt>
File: contents/chapter-4/1-skenario-basement/sats_dop.png Graphic file (type png)
<use contents/chapter-4/1-skenario-basement/sats_dop.png>
Package pdftex.def Info: contents/chapter-4/1-skenario-basement/sats_dop.png  used on input line 175.
(pdftex.def)             Requested size: 341.43306pt x 540.69011pt.
 [71 <./contents/chapter-4/1-skenario-basement/skyplot.png>] [72 <./contents/chapter-4/1-skenario-basement/sats_dop.png>]
<contents/chapter-4/2-skenario-indoor/keadaan.jpg, id=1201, 4047.12pt x 3035.34pt>
File: contents/chapter-4/2-skenario-indoor/keadaan.jpg Graphic file (type jpg)
<use contents/chapter-4/2-skenario-indoor/keadaan.jpg>
Package pdftex.def Info: contents/chapter-4/2-skenario-indoor/keadaan.jpg  used on input line 189.
(pdftex.def)             Requested size: 227.62204pt x 170.6726pt.
 [73 <./contents/chapter-4/2-skenario-indoor/keadaan.jpg>]
<contents/chapter-4/2-skenario-indoor/distribution.png, id=1207, 498.1812pt x 216.0873pt>
File: contents/chapter-4/2-skenario-indoor/distribution.png Graphic file (type png)
<use contents/chapter-4/2-skenario-indoor/distribution.png>
Package pdftex.def Info: contents/chapter-4/2-skenario-indoor/distribution.png  used on input line 199.
(pdftex.def)             Requested size: 498.17998pt x 216.08676pt.
<contents/chapter-4/2-skenario-indoor/sats_dop.png, id=1209, 380.622pt x 614.5359pt>
File: contents/chapter-4/2-skenario-indoor/sats_dop.png Graphic file (type png)
<use contents/chapter-4/2-skenario-indoor/sats_dop.png>
Package pdftex.def Info: contents/chapter-4/2-skenario-indoor/sats_dop.png  used on input line 233.
(pdftex.def)             Requested size: 341.43306pt x 551.29556pt.
 [74 <./contents/chapter-4/2-skenario-indoor/distribution.png>] [75 <./contents/chapter-4/2-skenario-indoor/sats_dop.png>]
<contents/chapter-4/2-skenario-indoor/sky_plot.png, id=1223, 340.3917pt x 297.5115pt>
File: contents/chapter-4/2-skenario-indoor/sky_plot.png Graphic file (type png)
<use contents/chapter-4/2-skenario-indoor/sky_plot.png>
Package pdftex.def Info: contents/chapter-4/2-skenario-indoor/sky_plot.png  used on input line 245.
(pdftex.def)             Requested size: 341.43306pt x 298.43231pt.

Overfull \hbox (0.14046pt too wide) in paragraph at lines 253--254
[]\T1/ptm/m/n/12 Pengujian ske-na-rio ru-ang-an se-mi ter-bu-ka di-la-kuk-an un-tuk meng-e-va-lu-a-si per-
 []

[76 <./contents/chapter-4/2-skenario-indoor/sky_plot.png>]
<contents/chapter-4/3-skenario-semioutdoor/keadaan.jpeg, id=1231, 493.3632pt x 370.0224pt>
File: contents/chapter-4/3-skenario-semioutdoor/keadaan.jpeg Graphic file (type jpg)
<use contents/chapter-4/3-skenario-semioutdoor/keadaan.jpeg>
Package pdftex.def Info: contents/chapter-4/3-skenario-semioutdoor/keadaan.jpeg  used on input line 257.
(pdftex.def)             Requested size: 284.52756pt x 213.39923pt.
<contents/chapter-4/3-skenario-semioutdoor/distribution.png, id=1233, 498.1812pt x 216.0873pt>
File: contents/chapter-4/3-skenario-semioutdoor/distribution.png Graphic file (type png)
<use contents/chapter-4/3-skenario-semioutdoor/distribution.png>
Package pdftex.def Info: contents/chapter-4/3-skenario-semioutdoor/distribution.png  used on input line 267.
(pdftex.def)             Requested size: 498.17998pt x 216.08676pt.
 [77 <./contents/chapter-4/3-skenario-semioutdoor/keadaan.jpeg>] [78 <./contents/chapter-4/3-skenario-semioutdoor/distribution.png>]
<contents/chapter-4/3-skenario-semioutdoor/sats_dop.png, id=1246, 380.622pt x 614.5359pt>
File: contents/chapter-4/3-skenario-semioutdoor/sats_dop.png Graphic file (type png)
<use contents/chapter-4/3-skenario-semioutdoor/sats_dop.png>
Package pdftex.def Info: contents/chapter-4/3-skenario-semioutdoor/sats_dop.png  used on input line 303.
(pdftex.def)             Requested size: 327.20668pt x 528.33116pt.
 [79 <./contents/chapter-4/3-skenario-semioutdoor/sats_dop.png>]
<contents/chapter-4/3-skenario-semioutdoor/sky_plot.png, id=1253, 340.3917pt x 297.5115pt>
File: contents/chapter-4/3-skenario-semioutdoor/sky_plot.png Graphic file (type png)
<use contents/chapter-4/3-skenario-semioutdoor/sky_plot.png>
Package pdftex.def Info: contents/chapter-4/3-skenario-semioutdoor/sky_plot.png  used on input line 313.
(pdftex.def)             Requested size: 341.43306pt x 298.43231pt.

Overfull \hbox (1.40262pt too wide) in paragraph at lines 318--319
\T1/ptm/m/n/12 bah-wa pe-nem-pat-an mo-dul Teseo-LIV3FL pa-da ling-kung-an de-ngan peng-ha-lang yang
 []

[80 <./contents/chapter-4/3-skenario-semioutdoor/sky_plot.png>]
<contents/chapter-4/4-skenario-outdoor/keadaan.jpg, id=1261, 3571.3425pt x 2678.005pt>
File: contents/chapter-4/4-skenario-outdoor/keadaan.jpg Graphic file (type jpg)
<use contents/chapter-4/4-skenario-outdoor/keadaan.jpg>
Package pdftex.def Info: contents/chapter-4/4-skenario-outdoor/keadaan.jpg  used on input line 325.
(pdftex.def)             Requested size: 284.52756pt x 213.3458pt.
<contents/chapter-4/4-skenario-outdoor/distribution.png, id=1263, 498.1812pt x 216.0873pt>
File: contents/chapter-4/4-skenario-outdoor/distribution.png Graphic file (type png)
<use contents/chapter-4/4-skenario-outdoor/distribution.png>
Package pdftex.def Info: contents/chapter-4/4-skenario-outdoor/distribution.png  used on input line 335.
(pdftex.def)             Requested size: 498.17998pt x 216.08676pt.
 [81 <./contents/chapter-4/4-skenario-outdoor/keadaan.jpg>]
<contents/chapter-4/4-skenario-outdoor/sky_plot.png, id=1271, 340.3917pt x 297.5115pt>
File: contents/chapter-4/4-skenario-outdoor/sky_plot.png Graphic file (type png)
<use contents/chapter-4/4-skenario-outdoor/sky_plot.png>
Package pdftex.def Info: contents/chapter-4/4-skenario-outdoor/sky_plot.png  used on input line 368.
(pdftex.def)             Requested size: 341.43306pt x 298.43231pt.
 [82 <./contents/chapter-4/4-skenario-outdoor/distribution.png>]
<contents/chapter-4/4-skenario-outdoor/sats_dop.png, id=1279, 380.622pt x 614.5359pt>
File: contents/chapter-4/4-skenario-outdoor/sats_dop.png Graphic file (type png)
<use contents/chapter-4/4-skenario-outdoor/sats_dop.png>
Package pdftex.def Info: contents/chapter-4/4-skenario-outdoor/sats_dop.png  used on input line 377.
(pdftex.def)             Requested size: 341.43306pt x 551.29556pt.
 [83 <./contents/chapter-4/4-skenario-outdoor/sky_plot.png>] [84 <./contents/chapter-4/4-skenario-outdoor/sats_dop.png>]
<contents/chapter-4/pengujian-bergerak/Peta-Jalur-Rute-1B.jpg, id=1292, 325.81725pt x 323.40825pt>
File: contents/chapter-4/pengujian-bergerak/Peta-Jalur-Rute-1B.jpg Graphic file (type jpg)
<use contents/chapter-4/pengujian-bergerak/Peta-Jalur-Rute-1B.jpg>
Package pdftex.def Info: contents/chapter-4/pengujian-bergerak/Peta-Jalur-Rute-1B.jpg  used on input line 393.
(pdftex.def)             Requested size: 284.52756pt x 282.42387pt.
 [85 <./contents/chapter-4/pengujian-bergerak/Peta-Jalur-Rute-1B.jpg>]
<contents/chapter-4/pengujian-bergerak/moving-dop.jpg, id=1298, 4035.075pt x 3312.375pt>
File: contents/chapter-4/pengujian-bergerak/moving-dop.jpg Graphic file (type jpg)
<use contents/chapter-4/pengujian-bergerak/moving-dop.jpg>
Package pdftex.def Info: contents/chapter-4/pengujian-bergerak/moving-dop.jpg  used on input line 402.
(pdftex.def)             Requested size: 341.43306pt x 280.25931pt.
<contents/chapter-4/pengujian-bergerak/lp-streetview.png, id=1300, 1032.85875pt x 731.73375pt>
File: contents/chapter-4/pengujian-bergerak/lp-streetview.png Graphic file (type png)
<use contents/chapter-4/pengujian-bergerak/lp-streetview.png>
Package pdftex.def Info: contents/chapter-4/pengujian-bergerak/lp-streetview.png  used on input line 411.
(pdftex.def)             Requested size: 284.52756pt x 201.56795pt.
 [86 <./contents/chapter-4/pengujian-bergerak/moving-dop.jpg>]
<contents/chapter-4/pengujian-bergerak/moving-sats.jpg, id=1308, 4035.075pt x 3312.375pt>
File: contents/chapter-4/pengujian-bergerak/moving-sats.jpg Graphic file (type jpg)
<use contents/chapter-4/pengujian-bergerak/moving-sats.jpg>
Package pdftex.def Info: contents/chapter-4/pengujian-bergerak/moving-sats.jpg  used on input line 424.
(pdftex.def)             Requested size: 341.43306pt x 280.25931pt.
) [87 <./contents/chapter-4/pengujian-bergerak/lp-streetview.png>] [88 <./contents/chapter-4/pengujian-bergerak/moving-sats.jpg>]
\openout2 = `contents/chapter-5/chapter-5.aux'.

 (./contents/chapter-5/chapter-5.tex
BAB V.
) [89




] (./thesis_template.bbl [90



] [91]
LaTeX Font Info:    Trying to load font information for TS1+ptm on input line 217.
 (/usr/local/texlive/2022/texmf-dist/tex/latex/psnfss/ts1ptm.fd
File: ts1ptm.fd 2001/06/04 font definitions for TS1/ptm.
)
Underfull \hbox (badness 5091) in paragraph at lines 216--219
[]\T1/ptm/m/n/12 STMicroelectronics, ``Mul-tip-ro-to-col LPW-AN du-al co-re 32-bit Arm\TS1/ptm/m/n/12 
 []

[92]) [93] (./contents/appendix/appendix.tex
Overfull \hbox (69.6614pt too wide) in paragraph at lines 4--5
[][][][][][][] 
 []


Overfull \hbox (69.6614pt too wide) in paragraph at lines 9--10
[][][][][][][] 
 []


Overfull \hbox (17.6614pt too wide) in paragraph at lines 12--13
[][][][] 
 []

[1] [2] [3] [4]) [5] (./thesis_template.aux (./contents/chapter-1/chapter-1.aux) (./contents/chapter-2/chapter-2.aux) (./contents/chapter-3/chapter-3.aux) (./contents/chapter-4/chapter-4.aux) (./contents/chapter-5/chapter-5.aux))

LaTeX Font Warning: Some font shapes were not available, defaults substituted.

 ) 
Here is how much of TeX's memory you used:
 47458 strings out of 478268
 1075890 string characters out of 5846346
 1847031 words of memory out of 5000000
 64034 multiletter control sequences out of 15000+600000
 502575 words of font info for 69 fonts, out of 8000000 for 9000
 1141 hyphenation exceptions out of 8191
 103i,12n,145p,1442b,1950s stack positions out of 10000i,1000n,20000p,200000b,200000s
{/usr/local/texlive/2022/texmf-dist/fonts/enc/dvips/inconsolata/i4-t1-0.enc}{/usr/local/texlive/2022/texmf-dist/fonts/enc/dvips/base/8r.enc}</usr/local/texlive/2022/texmf-dist/fonts/type1/public/inconsolata/Inconsolata-zi4r.pfb></usr/local/texlive/2022/texmf-dist/fonts/type1/public/amsfonts/cm/cmex10.pfb></usr/local/texlive/2022/texmf-dist/fonts/type1/public/amsfonts/cm/cmmi12.pfb></usr/local/texlive/2022/texmf-dist/fonts/type1/public/amsfonts/cm/cmmi8.pfb></usr/local/texlive/2022/texmf-dist/fonts/type1/public/amsfonts/cm/cmr12.pfb></usr/local/texlive/2022/texmf-dist/fonts/type1/public/amsfonts/cm/cmr8.pfb></usr/local/texlive/2022/texmf-dist/fonts/type1/public/amsfonts/cm/cmsy10.pfb></usr/local/texlive/2022/texmf-dist/fonts/type1/urw/times/utmb8a.pfb></usr/local/texlive/2022/texmf-dist/fonts/type1/urw/times/utmbi8a.pfb></usr/local/texlive/2022/texmf-dist/fonts/type1/urw/times/utmr8a.pfb></usr/local/texlive/2022/texmf-dist/fonts/type1/urw/times/utmri8a.pfb>
Output written on thesis_template.pdf (113 pages, 21227270 bytes).
PDF statistics:
 1990 PDF objects out of 2073 (max. 8388607)
 1748 compressed objects within 18 object streams
 750 named destinations out of 1000 (max. 500000)
 968 words of extra memory for PDF output out of 10000 (max. 10000000)

